{"/home/marius/projects/elastic-playground/src/components/helpers/Ecs.jsx": {"path":"/home/marius/projects/elastic-playground/src/components/helpers/Ecs.jsx","all":false,"statementMap":{"0":{"start":{"line":1,"column":0},"end":{"line":1,"column":27}},"1":{"start":{"line":2,"column":0},"end":{"line":2,"column":15}},"2":{"start":{"line":3,"column":0},"end":{"line":3,"column":331}},"3":{"start":{"line":4,"column":0},"end":{"line":4,"column":25}},"4":{"start":{"line":5,"column":0},"end":{"line":5,"column":173}},"5":{"start":{"line":6,"column":0},"end":{"line":6,"column":23}},"6":{"start":{"line":7,"column":0},"end":{"line":7,"column":126}},"7":{"start":{"line":8,"column":0},"end":{"line":8,"column":108}},"8":{"start":{"line":9,"column":0},"end":{"line":9,"column":15}},"9":{"start":{"line":10,"column":0},"end":{"line":10,"column":256}},"10":{"start":{"line":11,"column":0},"end":{"line":11,"column":15}},"11":{"start":{"line":12,"column":0},"end":{"line":12,"column":217}},"12":{"start":{"line":13,"column":0},"end":{"line":13,"column":43}},"13":{"start":{"line":14,"column":0},"end":{"line":14,"column":19}},"14":{"start":{"line":15,"column":0},"end":{"line":15,"column":272}},"15":{"start":{"line":16,"column":0},"end":{"line":16,"column":21}},"16":{"start":{"line":17,"column":0},"end":{"line":17,"column":141}},"17":{"start":{"line":18,"column":0},"end":{"line":18,"column":54}},"18":{"start":{"line":19,"column":0},"end":{"line":19,"column":62}},"19":{"start":{"line":20,"column":0},"end":{"line":20,"column":18}},"20":{"start":{"line":21,"column":0},"end":{"line":21,"column":212}},"21":{"start":{"line":22,"column":0},"end":{"line":22,"column":39}},"22":{"start":{"line":23,"column":0},"end":{"line":23,"column":80}},"23":{"start":{"line":24,"column":0},"end":{"line":24,"column":56}},"24":{"start":{"line":25,"column":0},"end":{"line":25,"column":53}},"25":{"start":{"line":26,"column":0},"end":{"line":26,"column":45}},"26":{"start":{"line":27,"column":0},"end":{"line":27,"column":51}},"27":{"start":{"line":28,"column":0},"end":{"line":28,"column":20}},"28":{"start":{"line":29,"column":0},"end":{"line":29,"column":252}},"29":{"start":{"line":30,"column":0},"end":{"line":30,"column":27}},"30":{"start":{"line":31,"column":0},"end":{"line":31,"column":173}},"31":{"start":{"line":32,"column":0},"end":{"line":32,"column":51}},"32":{"start":{"line":33,"column":0},"end":{"line":33,"column":43}},"33":{"start":{"line":34,"column":0},"end":{"line":34,"column":87}},"34":{"start":{"line":35,"column":0},"end":{"line":35,"column":58}},"35":{"start":{"line":36,"column":0},"end":{"line":36,"column":15}},"36":{"start":{"line":37,"column":0},"end":{"line":37,"column":267}},"37":{"start":{"line":38,"column":0},"end":{"line":38,"column":18}},"38":{"start":{"line":39,"column":0},"end":{"line":39,"column":158}},"39":{"start":{"line":40,"column":0},"end":{"line":40,"column":20}},"40":{"start":{"line":41,"column":0},"end":{"line":41,"column":160}},"41":{"start":{"line":42,"column":0},"end":{"line":42,"column":66}},"42":{"start":{"line":43,"column":0},"end":{"line":43,"column":39}},"43":{"start":{"line":44,"column":0},"end":{"line":44,"column":29}},"44":{"start":{"line":45,"column":0},"end":{"line":45,"column":363}},"45":{"start":{"line":46,"column":0},"end":{"line":46,"column":21}},"46":{"start":{"line":47,"column":0},"end":{"line":47,"column":538}},"47":{"start":{"line":48,"column":0},"end":{"line":48,"column":28}},"48":{"start":{"line":49,"column":0},"end":{"line":49,"column":396}},"49":{"start":{"line":50,"column":0},"end":{"line":50,"column":23}},"50":{"start":{"line":51,"column":0},"end":{"line":51,"column":108}},"51":{"start":{"line":52,"column":0},"end":{"line":52,"column":45}},"52":{"start":{"line":53,"column":0},"end":{"line":53,"column":61}},"53":{"start":{"line":54,"column":0},"end":{"line":54,"column":29}},"54":{"start":{"line":55,"column":0},"end":{"line":55,"column":109}},"55":{"start":{"line":56,"column":0},"end":{"line":56,"column":84}},"56":{"start":{"line":57,"column":0},"end":{"line":57,"column":49}},"57":{"start":{"line":58,"column":0},"end":{"line":58,"column":21}},"58":{"start":{"line":59,"column":0},"end":{"line":59,"column":168}},"59":{"start":{"line":60,"column":0},"end":{"line":60,"column":53}},"60":{"start":{"line":61,"column":0},"end":{"line":61,"column":57}},"61":{"start":{"line":62,"column":0},"end":{"line":62,"column":71}},"62":{"start":{"line":63,"column":0},"end":{"line":63,"column":21}},"63":{"start":{"line":64,"column":0},"end":{"line":64,"column":186}},"64":{"start":{"line":65,"column":0},"end":{"line":65,"column":23}},"65":{"start":{"line":66,"column":0},"end":{"line":66,"column":165}},"66":{"start":{"line":67,"column":0},"end":{"line":67,"column":102}},"67":{"start":{"line":68,"column":0},"end":{"line":68,"column":58}},"68":{"start":{"line":69,"column":0},"end":{"line":69,"column":62}},"69":{"start":{"line":70,"column":0},"end":{"line":70,"column":60}},"70":{"start":{"line":71,"column":0},"end":{"line":71,"column":28}},"71":{"start":{"line":72,"column":0},"end":{"line":72,"column":186}},"72":{"start":{"line":73,"column":0},"end":{"line":73,"column":30}},"73":{"start":{"line":74,"column":0},"end":{"line":74,"column":165}},"74":{"start":{"line":75,"column":0},"end":{"line":75,"column":109}},"75":{"start":{"line":76,"column":0},"end":{"line":76,"column":65}},"76":{"start":{"line":77,"column":0},"end":{"line":77,"column":69}},"77":{"start":{"line":78,"column":0},"end":{"line":78,"column":67}},"78":{"start":{"line":79,"column":0},"end":{"line":79,"column":115}},"79":{"start":{"line":80,"column":0},"end":{"line":80,"column":115}},"80":{"start":{"line":81,"column":0},"end":{"line":81,"column":110}},"81":{"start":{"line":82,"column":0},"end":{"line":82,"column":87}},"82":{"start":{"line":83,"column":0},"end":{"line":83,"column":30}},"83":{"start":{"line":84,"column":0},"end":{"line":84,"column":248}},"84":{"start":{"line":85,"column":0},"end":{"line":85,"column":108}},"85":{"start":{"line":86,"column":0},"end":{"line":86,"column":108}},"86":{"start":{"line":87,"column":0},"end":{"line":87,"column":103}},"87":{"start":{"line":88,"column":0},"end":{"line":88,"column":80}},"88":{"start":{"line":89,"column":0},"end":{"line":89,"column":23}},"89":{"start":{"line":90,"column":0},"end":{"line":90,"column":248}},"90":{"start":{"line":91,"column":0},"end":{"line":91,"column":28}},"91":{"start":{"line":92,"column":0},"end":{"line":92,"column":186}},"92":{"start":{"line":93,"column":0},"end":{"line":93,"column":30}},"93":{"start":{"line":94,"column":0},"end":{"line":94,"column":165}},"94":{"start":{"line":95,"column":0},"end":{"line":95,"column":109}},"95":{"start":{"line":96,"column":0},"end":{"line":96,"column":65}},"96":{"start":{"line":97,"column":0},"end":{"line":97,"column":69}},"97":{"start":{"line":98,"column":0},"end":{"line":98,"column":67}},"98":{"start":{"line":99,"column":0},"end":{"line":99,"column":115}},"99":{"start":{"line":100,"column":0},"end":{"line":100,"column":115}},"100":{"start":{"line":101,"column":0},"end":{"line":101,"column":110}},"101":{"start":{"line":102,"column":0},"end":{"line":102,"column":87}},"102":{"start":{"line":103,"column":0},"end":{"line":103,"column":30}},"103":{"start":{"line":104,"column":0},"end":{"line":104,"column":248}},"104":{"start":{"line":105,"column":0},"end":{"line":105,"column":24}},"105":{"start":{"line":106,"column":0},"end":{"line":106,"column":119}},"106":{"start":{"line":107,"column":0},"end":{"line":107,"column":30}},"107":{"start":{"line":108,"column":0},"end":{"line":108,"column":120}},"108":{"start":{"line":109,"column":0},"end":{"line":109,"column":31}},"109":{"start":{"line":110,"column":0},"end":{"line":110,"column":123}},"110":{"start":{"line":111,"column":0},"end":{"line":111,"column":41}},"111":{"start":{"line":112,"column":0},"end":{"line":112,"column":29}},"112":{"start":{"line":113,"column":0},"end":{"line":113,"column":232}},"113":{"start":{"line":114,"column":0},"end":{"line":114,"column":74}},"114":{"start":{"line":115,"column":0},"end":{"line":115,"column":49}},"115":{"start":{"line":116,"column":0},"end":{"line":116,"column":38}},"116":{"start":{"line":117,"column":0},"end":{"line":117,"column":103}},"117":{"start":{"line":118,"column":0},"end":{"line":118,"column":38}},"118":{"start":{"line":119,"column":0},"end":{"line":119,"column":35}},"119":{"start":{"line":120,"column":0},"end":{"line":120,"column":120}},"120":{"start":{"line":121,"column":0},"end":{"line":121,"column":36}},"121":{"start":{"line":122,"column":0},"end":{"line":122,"column":120}},"122":{"start":{"line":123,"column":0},"end":{"line":123,"column":58}},"123":{"start":{"line":124,"column":0},"end":{"line":124,"column":24}},"124":{"start":{"line":125,"column":0},"end":{"line":125,"column":519}},"125":{"start":{"line":126,"column":0},"end":{"line":126,"column":26}},"126":{"start":{"line":127,"column":0},"end":{"line":127,"column":488}},"127":{"start":{"line":128,"column":0},"end":{"line":128,"column":21}},"128":{"start":{"line":129,"column":0},"end":{"line":129,"column":167}},"129":{"start":{"line":130,"column":0},"end":{"line":130,"column":24}},"130":{"start":{"line":131,"column":0},"end":{"line":131,"column":277}},"131":{"start":{"line":132,"column":0},"end":{"line":132,"column":26}},"132":{"start":{"line":133,"column":0},"end":{"line":133,"column":141}},"133":{"start":{"line":134,"column":0},"end":{"line":134,"column":59}},"134":{"start":{"line":135,"column":0},"end":{"line":135,"column":72}},"135":{"start":{"line":136,"column":0},"end":{"line":136,"column":23}},"136":{"start":{"line":137,"column":0},"end":{"line":137,"column":217}},"137":{"start":{"line":138,"column":0},"end":{"line":138,"column":44}},"138":{"start":{"line":139,"column":0},"end":{"line":139,"column":85}},"139":{"start":{"line":140,"column":0},"end":{"line":140,"column":61}},"140":{"start":{"line":141,"column":0},"end":{"line":141,"column":58}},"141":{"start":{"line":142,"column":0},"end":{"line":142,"column":50}},"142":{"start":{"line":143,"column":0},"end":{"line":143,"column":56}},"143":{"start":{"line":144,"column":0},"end":{"line":144,"column":25}},"144":{"start":{"line":145,"column":0},"end":{"line":145,"column":252}},"145":{"start":{"line":146,"column":0},"end":{"line":146,"column":32}},"146":{"start":{"line":147,"column":0},"end":{"line":147,"column":173}},"147":{"start":{"line":148,"column":0},"end":{"line":148,"column":56}},"148":{"start":{"line":149,"column":0},"end":{"line":149,"column":48}},"149":{"start":{"line":150,"column":0},"end":{"line":150,"column":92}},"150":{"start":{"line":151,"column":0},"end":{"line":151,"column":68}},"151":{"start":{"line":152,"column":0},"end":{"line":152,"column":20}},"152":{"start":{"line":153,"column":0},"end":{"line":153,"column":272}},"153":{"start":{"line":154,"column":0},"end":{"line":154,"column":23}},"154":{"start":{"line":155,"column":0},"end":{"line":155,"column":145}},"155":{"start":{"line":156,"column":0},"end":{"line":156,"column":25}},"156":{"start":{"line":157,"column":0},"end":{"line":157,"column":122}},"157":{"start":{"line":158,"column":0},"end":{"line":158,"column":76}},"158":{"start":{"line":159,"column":0},"end":{"line":159,"column":49}},"159":{"start":{"line":160,"column":0},"end":{"line":160,"column":34}},"160":{"start":{"line":161,"column":0},"end":{"line":161,"column":368}},"161":{"start":{"line":162,"column":0},"end":{"line":162,"column":26}},"162":{"start":{"line":163,"column":0},"end":{"line":163,"column":538}},"163":{"start":{"line":164,"column":0},"end":{"line":164,"column":33}},"164":{"start":{"line":165,"column":0},"end":{"line":165,"column":396}},"165":{"start":{"line":166,"column":0},"end":{"line":166,"column":28}},"166":{"start":{"line":167,"column":0},"end":{"line":167,"column":108}},"167":{"start":{"line":168,"column":0},"end":{"line":168,"column":50}},"168":{"start":{"line":169,"column":0},"end":{"line":169,"column":66}},"169":{"start":{"line":170,"column":0},"end":{"line":170,"column":34}},"170":{"start":{"line":171,"column":0},"end":{"line":171,"column":109}},"171":{"start":{"line":172,"column":0},"end":{"line":172,"column":89}},"172":{"start":{"line":173,"column":0},"end":{"line":173,"column":54}},"173":{"start":{"line":174,"column":0},"end":{"line":174,"column":26}},"174":{"start":{"line":175,"column":0},"end":{"line":175,"column":168}},"175":{"start":{"line":176,"column":0},"end":{"line":176,"column":58}},"176":{"start":{"line":177,"column":0},"end":{"line":177,"column":62}},"177":{"start":{"line":178,"column":0},"end":{"line":178,"column":76}},"178":{"start":{"line":179,"column":0},"end":{"line":179,"column":14}},"179":{"start":{"line":180,"column":0},"end":{"line":180,"column":576}},"180":{"start":{"line":181,"column":0},"end":{"line":181,"column":71}},"181":{"start":{"line":182,"column":0},"end":{"line":182,"column":84}},"182":{"start":{"line":183,"column":0},"end":{"line":183,"column":80}},"183":{"start":{"line":184,"column":0},"end":{"line":184,"column":40}},"184":{"start":{"line":185,"column":0},"end":{"line":185,"column":188}},"185":{"start":{"line":186,"column":0},"end":{"line":186,"column":79}},"186":{"start":{"line":187,"column":0},"end":{"line":187,"column":34}},"187":{"start":{"line":188,"column":0},"end":{"line":188,"column":165}},"188":{"start":{"line":189,"column":0},"end":{"line":189,"column":30}},"189":{"start":{"line":190,"column":0},"end":{"line":190,"column":232}},"190":{"start":{"line":191,"column":0},"end":{"line":191,"column":71}},"191":{"start":{"line":192,"column":0},"end":{"line":192,"column":31}},"192":{"start":{"line":193,"column":0},"end":{"line":193,"column":161}},"193":{"start":{"line":194,"column":0},"end":{"line":194,"column":100}},"194":{"start":{"line":195,"column":0},"end":{"line":195,"column":31}},"195":{"start":{"line":196,"column":0},"end":{"line":196,"column":204}},"196":{"start":{"line":197,"column":0},"end":{"line":197,"column":29}},"197":{"start":{"line":198,"column":0},"end":{"line":198,"column":141}},"198":{"start":{"line":199,"column":0},"end":{"line":199,"column":30}},"199":{"start":{"line":200,"column":0},"end":{"line":200,"column":32}},"200":{"start":{"line":201,"column":0},"end":{"line":201,"column":36}},"201":{"start":{"line":202,"column":0},"end":{"line":202,"column":36}},"202":{"start":{"line":203,"column":0},"end":{"line":203,"column":36}},"203":{"start":{"line":204,"column":0},"end":{"line":204,"column":36}},"204":{"start":{"line":205,"column":0},"end":{"line":205,"column":32}},"205":{"start":{"line":206,"column":0},"end":{"line":206,"column":91}},"206":{"start":{"line":207,"column":0},"end":{"line":207,"column":47}},"207":{"start":{"line":208,"column":0},"end":{"line":208,"column":65}},"208":{"start":{"line":209,"column":0},"end":{"line":209,"column":83}},"209":{"start":{"line":210,"column":0},"end":{"line":210,"column":86}},"210":{"start":{"line":211,"column":0},"end":{"line":211,"column":83}},"211":{"start":{"line":212,"column":0},"end":{"line":212,"column":26}},"212":{"start":{"line":213,"column":0},"end":{"line":213,"column":411}},"213":{"start":{"line":214,"column":0},"end":{"line":214,"column":79}},"214":{"start":{"line":215,"column":0},"end":{"line":215,"column":96}},"215":{"start":{"line":216,"column":0},"end":{"line":216,"column":113}},"216":{"start":{"line":217,"column":0},"end":{"line":217,"column":23}},"217":{"start":{"line":218,"column":0},"end":{"line":218,"column":141}},"218":{"start":{"line":219,"column":0},"end":{"line":219,"column":19}},"219":{"start":{"line":220,"column":0},"end":{"line":220,"column":341}},"220":{"start":{"line":221,"column":0},"end":{"line":221,"column":23}},"221":{"start":{"line":222,"column":0},"end":{"line":222,"column":250}},"222":{"start":{"line":223,"column":0},"end":{"line":223,"column":64}},"223":{"start":{"line":224,"column":0},"end":{"line":224,"column":115}},"224":{"start":{"line":225,"column":0},"end":{"line":225,"column":37}},"225":{"start":{"line":226,"column":0},"end":{"line":226,"column":98}},"226":{"start":{"line":227,"column":0},"end":{"line":227,"column":86}},"227":{"start":{"line":228,"column":0},"end":{"line":228,"column":18}},"228":{"start":{"line":229,"column":0},"end":{"line":229,"column":292}},"229":{"start":{"line":230,"column":0},"end":{"line":230,"column":83}},"230":{"start":{"line":231,"column":0},"end":{"line":231,"column":20}},"231":{"start":{"line":232,"column":0},"end":{"line":232,"column":173}},"232":{"start":{"line":233,"column":0},"end":{"line":233,"column":77}},"233":{"start":{"line":234,"column":0},"end":{"line":234,"column":50}},"234":{"start":{"line":235,"column":0},"end":{"line":235,"column":68}},"235":{"start":{"line":236,"column":0},"end":{"line":236,"column":94}},"236":{"start":{"line":237,"column":0},"end":{"line":237,"column":110}},"237":{"start":{"line":238,"column":0},"end":{"line":238,"column":16}},"238":{"start":{"line":239,"column":0},"end":{"line":239,"column":499}},"239":{"start":{"line":240,"column":0},"end":{"line":240,"column":82}},"240":{"start":{"line":241,"column":0},"end":{"line":241,"column":21}},"241":{"start":{"line":242,"column":0},"end":{"line":242,"column":120}},"242":{"start":{"line":243,"column":0},"end":{"line":243,"column":21}},"243":{"start":{"line":244,"column":0},"end":{"line":244,"column":247}},"244":{"start":{"line":245,"column":0},"end":{"line":245,"column":20}},"245":{"start":{"line":246,"column":0},"end":{"line":246,"column":159}},"246":{"start":{"line":247,"column":0},"end":{"line":247,"column":76}},"247":{"start":{"line":248,"column":0},"end":{"line":248,"column":60}},"248":{"start":{"line":249,"column":0},"end":{"line":249,"column":11}},"249":{"start":{"line":250,"column":0},"end":{"line":250,"column":124}},"250":{"start":{"line":251,"column":0},"end":{"line":251,"column":16}},"251":{"start":{"line":252,"column":0},"end":{"line":252,"column":155}},"252":{"start":{"line":253,"column":0},"end":{"line":253,"column":62}},"253":{"start":{"line":254,"column":0},"end":{"line":254,"column":22}},"254":{"start":{"line":255,"column":0},"end":{"line":255,"column":321}},"255":{"start":{"line":256,"column":0},"end":{"line":256,"column":35}},"256":{"start":{"line":257,"column":0},"end":{"line":257,"column":356}},"257":{"start":{"line":258,"column":0},"end":{"line":258,"column":27}},"258":{"start":{"line":259,"column":0},"end":{"line":259,"column":225}},"259":{"start":{"line":260,"column":0},"end":{"line":260,"column":34}},"260":{"start":{"line":261,"column":0},"end":{"line":261,"column":396}},"261":{"start":{"line":262,"column":0},"end":{"line":262,"column":59}},"262":{"start":{"line":263,"column":0},"end":{"line":263,"column":20}},"263":{"start":{"line":264,"column":0},"end":{"line":264,"column":318}},"264":{"start":{"line":265,"column":0},"end":{"line":265,"column":48}},"265":{"start":{"line":266,"column":0},"end":{"line":266,"column":13}},"266":{"start":{"line":267,"column":0},"end":{"line":267,"column":391}},"267":{"start":{"line":268,"column":0},"end":{"line":268,"column":16}},"268":{"start":{"line":269,"column":0},"end":{"line":269,"column":277}},"269":{"start":{"line":270,"column":0},"end":{"line":270,"column":109}},"270":{"start":{"line":271,"column":0},"end":{"line":271,"column":94}},"271":{"start":{"line":272,"column":0},"end":{"line":272,"column":49}},"272":{"start":{"line":273,"column":0},"end":{"line":273,"column":51}},"273":{"start":{"line":274,"column":0},"end":{"line":274,"column":55}},"274":{"start":{"line":275,"column":0},"end":{"line":275,"column":55}},"275":{"start":{"line":276,"column":0},"end":{"line":276,"column":55}},"276":{"start":{"line":277,"column":0},"end":{"line":277,"column":55}},"277":{"start":{"line":278,"column":0},"end":{"line":278,"column":51}},"278":{"start":{"line":279,"column":0},"end":{"line":279,"column":37}},"279":{"start":{"line":280,"column":0},"end":{"line":280,"column":128}},"280":{"start":{"line":281,"column":0},"end":{"line":281,"column":93}},"281":{"start":{"line":282,"column":0},"end":{"line":282,"column":66}},"282":{"start":{"line":283,"column":0},"end":{"line":283,"column":60}},"283":{"start":{"line":284,"column":0},"end":{"line":284,"column":58}},"284":{"start":{"line":285,"column":0},"end":{"line":285,"column":104}},"285":{"start":{"line":286,"column":0},"end":{"line":286,"column":112}},"286":{"start":{"line":287,"column":0},"end":{"line":287,"column":96}},"287":{"start":{"line":288,"column":0},"end":{"line":288,"column":109}},"288":{"start":{"line":289,"column":0},"end":{"line":289,"column":19}},"289":{"start":{"line":290,"column":0},"end":{"line":290,"column":124}},"290":{"start":{"line":291,"column":0},"end":{"line":291,"column":21}},"291":{"start":{"line":292,"column":0},"end":{"line":292,"column":105}},"292":{"start":{"line":293,"column":0},"end":{"line":293,"column":32}},"293":{"start":{"line":294,"column":0},"end":{"line":294,"column":149}},"294":{"start":{"line":295,"column":0},"end":{"line":295,"column":27}},"295":{"start":{"line":296,"column":0},"end":{"line":296,"column":109}},"296":{"start":{"line":297,"column":0},"end":{"line":297,"column":120}},"297":{"start":{"line":298,"column":0},"end":{"line":298,"column":66}},"298":{"start":{"line":299,"column":0},"end":{"line":299,"column":55}},"299":{"start":{"line":300,"column":0},"end":{"line":300,"column":110}},"300":{"start":{"line":301,"column":0},"end":{"line":301,"column":51}},"301":{"start":{"line":302,"column":0},"end":{"line":302,"column":49}},"302":{"start":{"line":303,"column":0},"end":{"line":303,"column":36}},"303":{"start":{"line":304,"column":0},"end":{"line":304,"column":70}},"304":{"start":{"line":305,"column":0},"end":{"line":305,"column":86}},"305":{"start":{"line":306,"column":0},"end":{"line":306,"column":17}},"306":{"start":{"line":307,"column":0},"end":{"line":307,"column":240}},"307":{"start":{"line":308,"column":0},"end":{"line":308,"column":26}},"308":{"start":{"line":309,"column":0},"end":{"line":309,"column":1089}},"309":{"start":{"line":310,"column":0},"end":{"line":310,"column":19}},"310":{"start":{"line":311,"column":0},"end":{"line":311,"column":471}},"311":{"start":{"line":312,"column":0},"end":{"line":312,"column":15}},"312":{"start":{"line":313,"column":0},"end":{"line":313,"column":238}},"313":{"start":{"line":314,"column":0},"end":{"line":314,"column":18}},"314":{"start":{"line":315,"column":0},"end":{"line":315,"column":606}},"315":{"start":{"line":316,"column":0},"end":{"line":316,"column":18}},"316":{"start":{"line":317,"column":0},"end":{"line":317,"column":311}},"317":{"start":{"line":318,"column":0},"end":{"line":318,"column":19}},"318":{"start":{"line":319,"column":0},"end":{"line":319,"column":152}},"319":{"start":{"line":320,"column":0},"end":{"line":320,"column":106}},"320":{"start":{"line":321,"column":0},"end":{"line":321,"column":108}},"321":{"start":{"line":322,"column":0},"end":{"line":322,"column":49}},"322":{"start":{"line":323,"column":0},"end":{"line":323,"column":19}},"323":{"start":{"line":324,"column":0},"end":{"line":324,"column":407}},"324":{"start":{"line":325,"column":0},"end":{"line":325,"column":15}},"325":{"start":{"line":326,"column":0},"end":{"line":326,"column":583}},"326":{"start":{"line":327,"column":0},"end":{"line":327,"column":17}},"327":{"start":{"line":328,"column":0},"end":{"line":328,"column":231}},"328":{"start":{"line":329,"column":0},"end":{"line":329,"column":19}},"329":{"start":{"line":330,"column":0},"end":{"line":330,"column":418}},"330":{"start":{"line":331,"column":0},"end":{"line":331,"column":18}},"331":{"start":{"line":332,"column":0},"end":{"line":332,"column":898}},"332":{"start":{"line":333,"column":0},"end":{"line":333,"column":19}},"333":{"start":{"line":334,"column":0},"end":{"line":334,"column":298}},"334":{"start":{"line":335,"column":0},"end":{"line":335,"column":17}},"335":{"start":{"line":336,"column":0},"end":{"line":336,"column":402}},"336":{"start":{"line":337,"column":0},"end":{"line":337,"column":20}},"337":{"start":{"line":338,"column":0},"end":{"line":338,"column":211}},"338":{"start":{"line":339,"column":0},"end":{"line":339,"column":21}},"339":{"start":{"line":340,"column":0},"end":{"line":340,"column":108}},"340":{"start":{"line":341,"column":0},"end":{"line":341,"column":26}},"341":{"start":{"line":342,"column":0},"end":{"line":342,"column":218}},"342":{"start":{"line":343,"column":0},"end":{"line":343,"column":19}},"343":{"start":{"line":344,"column":0},"end":{"line":344,"column":190}},"344":{"start":{"line":345,"column":0},"end":{"line":345,"column":19}},"345":{"start":{"line":346,"column":0},"end":{"line":346,"column":558}},"346":{"start":{"line":347,"column":0},"end":{"line":347,"column":113}},"347":{"start":{"line":348,"column":0},"end":{"line":348,"column":19}},"348":{"start":{"line":349,"column":0},"end":{"line":349,"column":314}},"349":{"start":{"line":350,"column":0},"end":{"line":350,"column":15}},"350":{"start":{"line":351,"column":0},"end":{"line":351,"column":423}},"351":{"start":{"line":352,"column":0},"end":{"line":352,"column":14}},"352":{"start":{"line":353,"column":0},"end":{"line":353,"column":286}},"353":{"start":{"line":354,"column":0},"end":{"line":354,"column":75}},"354":{"start":{"line":355,"column":0},"end":{"line":355,"column":74}},"355":{"start":{"line":356,"column":0},"end":{"line":356,"column":12}},"356":{"start":{"line":357,"column":0},"end":{"line":357,"column":150}},"357":{"start":{"line":358,"column":0},"end":{"line":358,"column":52}},"358":{"start":{"line":359,"column":0},"end":{"line":359,"column":84}},"359":{"start":{"line":360,"column":0},"end":{"line":360,"column":65}},"360":{"start":{"line":361,"column":0},"end":{"line":361,"column":58}},"361":{"start":{"line":362,"column":0},"end":{"line":362,"column":112}},"362":{"start":{"line":363,"column":0},"end":{"line":363,"column":20}},"363":{"start":{"line":364,"column":0},"end":{"line":364,"column":236}},"364":{"start":{"line":365,"column":0},"end":{"line":365,"column":41}},"365":{"start":{"line":366,"column":0},"end":{"line":366,"column":188}},"366":{"start":{"line":367,"column":0},"end":{"line":367,"column":80}},"367":{"start":{"line":368,"column":0},"end":{"line":368,"column":35}},"368":{"start":{"line":369,"column":0},"end":{"line":369,"column":165}},"369":{"start":{"line":370,"column":0},"end":{"line":370,"column":31}},"370":{"start":{"line":371,"column":0},"end":{"line":371,"column":232}},"371":{"start":{"line":372,"column":0},"end":{"line":372,"column":72}},"372":{"start":{"line":373,"column":0},"end":{"line":373,"column":32}},"373":{"start":{"line":374,"column":0},"end":{"line":374,"column":161}},"374":{"start":{"line":375,"column":0},"end":{"line":375,"column":101}},"375":{"start":{"line":376,"column":0},"end":{"line":376,"column":32}},"376":{"start":{"line":377,"column":0},"end":{"line":377,"column":204}},"377":{"start":{"line":378,"column":0},"end":{"line":378,"column":30}},"378":{"start":{"line":379,"column":0},"end":{"line":379,"column":141}},"379":{"start":{"line":380,"column":0},"end":{"line":380,"column":96}},"380":{"start":{"line":381,"column":0},"end":{"line":381,"column":15}},"381":{"start":{"line":382,"column":0},"end":{"line":382,"column":216}},"382":{"start":{"line":383,"column":0},"end":{"line":383,"column":58}},"383":{"start":{"line":384,"column":0},"end":{"line":384,"column":113}},"384":{"start":{"line":385,"column":0},"end":{"line":385,"column":22}},"385":{"start":{"line":386,"column":0},"end":{"line":386,"column":145}},"386":{"start":{"line":387,"column":0},"end":{"line":387,"column":67}},"387":{"start":{"line":388,"column":0},"end":{"line":388,"column":54}},"388":{"start":{"line":389,"column":0},"end":{"line":389,"column":51}},"389":{"start":{"line":390,"column":0},"end":{"line":390,"column":27}},"390":{"start":{"line":391,"column":0},"end":{"line":391,"column":139}},"391":{"start":{"line":392,"column":0},"end":{"line":392,"column":66}},"392":{"start":{"line":393,"column":0},"end":{"line":393,"column":28}},"393":{"start":{"line":394,"column":0},"end":{"line":394,"column":413}},"394":{"start":{"line":395,"column":0},"end":{"line":395,"column":81}},"395":{"start":{"line":396,"column":0},"end":{"line":396,"column":98}},"396":{"start":{"line":397,"column":0},"end":{"line":397,"column":115}},"397":{"start":{"line":398,"column":0},"end":{"line":398,"column":25}},"398":{"start":{"line":399,"column":0},"end":{"line":399,"column":141}},"399":{"start":{"line":400,"column":0},"end":{"line":400,"column":90}},"400":{"start":{"line":401,"column":0},"end":{"line":401,"column":59}},"401":{"start":{"line":402,"column":0},"end":{"line":402,"column":58}},"402":{"start":{"line":403,"column":0},"end":{"line":403,"column":69}},"403":{"start":{"line":404,"column":0},"end":{"line":404,"column":68}},"404":{"start":{"line":405,"column":0},"end":{"line":405,"column":82}},"405":{"start":{"line":406,"column":0},"end":{"line":406,"column":57}},"406":{"start":{"line":407,"column":0},"end":{"line":407,"column":58}},"407":{"start":{"line":408,"column":0},"end":{"line":408,"column":25}},"408":{"start":{"line":409,"column":0},"end":{"line":409,"column":278}},"409":{"start":{"line":410,"column":0},"end":{"line":410,"column":66}},"410":{"start":{"line":411,"column":0},"end":{"line":411,"column":117}},"411":{"start":{"line":412,"column":0},"end":{"line":412,"column":39}},"412":{"start":{"line":413,"column":0},"end":{"line":413,"column":98}},"413":{"start":{"line":414,"column":0},"end":{"line":414,"column":22}},"414":{"start":{"line":415,"column":0},"end":{"line":415,"column":175}},"415":{"start":{"line":416,"column":0},"end":{"line":416,"column":82}},"416":{"start":{"line":417,"column":0},"end":{"line":417,"column":79}},"417":{"start":{"line":418,"column":0},"end":{"line":418,"column":55}},"418":{"start":{"line":419,"column":0},"end":{"line":419,"column":53}},"419":{"start":{"line":420,"column":0},"end":{"line":420,"column":66}},"420":{"start":{"line":421,"column":0},"end":{"line":421,"column":71}},"421":{"start":{"line":422,"column":0},"end":{"line":422,"column":53}},"422":{"start":{"line":423,"column":0},"end":{"line":423,"column":96}},"423":{"start":{"line":424,"column":0},"end":{"line":424,"column":75}},"424":{"start":{"line":425,"column":0},"end":{"line":425,"column":69}},"425":{"start":{"line":426,"column":0},"end":{"line":426,"column":22}},"426":{"start":{"line":427,"column":0},"end":{"line":427,"column":175}},"427":{"start":{"line":428,"column":0},"end":{"line":428,"column":63}},"428":{"start":{"line":429,"column":0},"end":{"line":429,"column":55}},"429":{"start":{"line":430,"column":0},"end":{"line":430,"column":83}},"430":{"start":{"line":431,"column":0},"end":{"line":431,"column":60}},"431":{"start":{"line":432,"column":0},"end":{"line":432,"column":19}},"432":{"start":{"line":433,"column":0},"end":{"line":433,"column":180}},"433":{"start":{"line":434,"column":0},"end":{"line":434,"column":19}},"434":{"start":{"line":435,"column":0},"end":{"line":435,"column":769}},"435":{"start":{"line":436,"column":0},"end":{"line":436,"column":52}},"436":{"start":{"line":437,"column":0},"end":{"line":437,"column":50}},"437":{"start":{"line":438,"column":0},"end":{"line":438,"column":31}},"438":{"start":{"line":439,"column":0},"end":{"line":439,"column":33}},"439":{"start":{"line":440,"column":0},"end":{"line":440,"column":37}},"440":{"start":{"line":441,"column":0},"end":{"line":441,"column":37}},"441":{"start":{"line":442,"column":0},"end":{"line":442,"column":37}},"442":{"start":{"line":443,"column":0},"end":{"line":443,"column":37}},"443":{"start":{"line":444,"column":0},"end":{"line":444,"column":33}},"444":{"start":{"line":445,"column":0},"end":{"line":445,"column":65}},"445":{"start":{"line":446,"column":0},"end":{"line":446,"column":30}},"446":{"start":{"line":447,"column":0},"end":{"line":447,"column":415}},"447":{"start":{"line":448,"column":0},"end":{"line":448,"column":83}},"448":{"start":{"line":449,"column":0},"end":{"line":449,"column":100}},"449":{"start":{"line":450,"column":0},"end":{"line":450,"column":117}},"450":{"start":{"line":451,"column":0},"end":{"line":451,"column":27}},"451":{"start":{"line":452,"column":0},"end":{"line":452,"column":141}},"452":{"start":{"line":453,"column":0},"end":{"line":453,"column":27}},"453":{"start":{"line":454,"column":0},"end":{"line":454,"column":254}},"454":{"start":{"line":455,"column":0},"end":{"line":455,"column":68}},"455":{"start":{"line":456,"column":0},"end":{"line":456,"column":119}},"456":{"start":{"line":457,"column":0},"end":{"line":457,"column":41}},"457":{"start":{"line":458,"column":0},"end":{"line":458,"column":98}},"458":{"start":{"line":459,"column":0},"end":{"line":459,"column":24}},"459":{"start":{"line":460,"column":0},"end":{"line":460,"column":180}},"460":{"start":{"line":461,"column":0},"end":{"line":461,"column":81}},"461":{"start":{"line":462,"column":0},"end":{"line":462,"column":58}},"462":{"start":{"line":463,"column":0},"end":{"line":463,"column":76}},"463":{"start":{"line":464,"column":0},"end":{"line":464,"column":98}},"464":{"start":{"line":465,"column":0},"end":{"line":465,"column":118}},"465":{"start":{"line":466,"column":0},"end":{"line":466,"column":23}},"466":{"start":{"line":467,"column":0},"end":{"line":467,"column":281}},"467":{"start":{"line":468,"column":0},"end":{"line":468,"column":19}},"468":{"start":{"line":469,"column":0},"end":{"line":469,"column":259}},"469":{"start":{"line":470,"column":0},"end":{"line":470,"column":59}},"470":{"start":{"line":471,"column":0},"end":{"line":471,"column":59}},"471":{"start":{"line":472,"column":0},"end":{"line":472,"column":82}},"472":{"start":{"line":473,"column":0},"end":{"line":473,"column":41}},"473":{"start":{"line":474,"column":0},"end":{"line":474,"column":119}},"474":{"start":{"line":475,"column":0},"end":{"line":475,"column":66}},"475":{"start":{"line":476,"column":0},"end":{"line":476,"column":84}},"476":{"start":{"line":477,"column":0},"end":{"line":477,"column":87}},"477":{"start":{"line":478,"column":0},"end":{"line":478,"column":84}},"478":{"start":{"line":479,"column":0},"end":{"line":479,"column":27}},"479":{"start":{"line":480,"column":0},"end":{"line":480,"column":411}},"480":{"start":{"line":481,"column":0},"end":{"line":481,"column":80}},"481":{"start":{"line":482,"column":0},"end":{"line":482,"column":97}},"482":{"start":{"line":483,"column":0},"end":{"line":483,"column":114}},"483":{"start":{"line":484,"column":0},"end":{"line":484,"column":24}},"484":{"start":{"line":485,"column":0},"end":{"line":485,"column":141}},"485":{"start":{"line":486,"column":0},"end":{"line":486,"column":20}},"486":{"start":{"line":487,"column":0},"end":{"line":487,"column":341}},"487":{"start":{"line":488,"column":0},"end":{"line":488,"column":24}},"488":{"start":{"line":489,"column":0},"end":{"line":489,"column":250}},"489":{"start":{"line":490,"column":0},"end":{"line":490,"column":65}},"490":{"start":{"line":491,"column":0},"end":{"line":491,"column":116}},"491":{"start":{"line":492,"column":0},"end":{"line":492,"column":38}},"492":{"start":{"line":493,"column":0},"end":{"line":493,"column":98}},"493":{"start":{"line":494,"column":0},"end":{"line":494,"column":87}},"494":{"start":{"line":495,"column":0},"end":{"line":495,"column":19}},"495":{"start":{"line":496,"column":0},"end":{"line":496,"column":292}},"496":{"start":{"line":497,"column":0},"end":{"line":497,"column":84}},"497":{"start":{"line":498,"column":0},"end":{"line":498,"column":21}},"498":{"start":{"line":499,"column":0},"end":{"line":499,"column":173}},"499":{"start":{"line":500,"column":0},"end":{"line":500,"column":78}},"500":{"start":{"line":501,"column":0},"end":{"line":501,"column":51}},"501":{"start":{"line":502,"column":0},"end":{"line":502,"column":69}},"502":{"start":{"line":503,"column":0},"end":{"line":503,"column":95}},"503":{"start":{"line":504,"column":0},"end":{"line":504,"column":111}},"504":{"start":{"line":505,"column":0},"end":{"line":505,"column":80}},"505":{"start":{"line":506,"column":0},"end":{"line":506,"column":50}},"506":{"start":{"line":507,"column":0},"end":{"line":507,"column":52}},"507":{"start":{"line":508,"column":0},"end":{"line":508,"column":82}},"508":{"start":{"line":509,"column":0},"end":{"line":509,"column":32}},"509":{"start":{"line":510,"column":0},"end":{"line":510,"column":192}},"510":{"start":{"line":511,"column":0},"end":{"line":511,"column":95}},"511":{"start":{"line":512,"column":0},"end":{"line":512,"column":60}},"512":{"start":{"line":513,"column":0},"end":{"line":513,"column":101}},"513":{"start":{"line":514,"column":0},"end":{"line":514,"column":60}},"514":{"start":{"line":515,"column":0},"end":{"line":515,"column":97}},"515":{"start":{"line":516,"column":0},"end":{"line":516,"column":112}},"516":{"start":{"line":517,"column":0},"end":{"line":517,"column":88}},"517":{"start":{"line":518,"column":0},"end":{"line":518,"column":88}},"518":{"start":{"line":519,"column":0},"end":{"line":519,"column":85}},"519":{"start":{"line":520,"column":0},"end":{"line":520,"column":81}},"520":{"start":{"line":521,"column":0},"end":{"line":521,"column":31}},"521":{"start":{"line":522,"column":0},"end":{"line":522,"column":93}},"522":{"start":{"line":523,"column":0},"end":{"line":523,"column":105}},"523":{"start":{"line":524,"column":0},"end":{"line":524,"column":75}},"524":{"start":{"line":525,"column":0},"end":{"line":525,"column":28}},"525":{"start":{"line":526,"column":0},"end":{"line":526,"column":176}},"526":{"start":{"line":527,"column":0},"end":{"line":527,"column":34}},"527":{"start":{"line":528,"column":0},"end":{"line":528,"column":192}},"528":{"start":{"line":529,"column":0},"end":{"line":529,"column":75}},"529":{"start":{"line":530,"column":0},"end":{"line":530,"column":60}},"530":{"start":{"line":531,"column":0},"end":{"line":531,"column":103}},"531":{"start":{"line":532,"column":0},"end":{"line":532,"column":61}},"532":{"start":{"line":533,"column":0},"end":{"line":533,"column":76}},"533":{"start":{"line":534,"column":0},"end":{"line":534,"column":91}},"534":{"start":{"line":535,"column":0},"end":{"line":535,"column":89}},"535":{"start":{"line":536,"column":0},"end":{"line":536,"column":56}},"536":{"start":{"line":537,"column":0},"end":{"line":537,"column":17}},"537":{"start":{"line":538,"column":0},"end":{"line":538,"column":109}},"538":{"start":{"line":539,"column":0},"end":{"line":539,"column":72}},"539":{"start":{"line":540,"column":0},"end":{"line":540,"column":37}},"540":{"start":{"line":541,"column":0},"end":{"line":541,"column":56}},"541":{"start":{"line":542,"column":0},"end":{"line":542,"column":17}},"542":{"start":{"line":543,"column":0},"end":{"line":543,"column":255}},"543":{"start":{"line":544,"column":0},"end":{"line":544,"column":19}},"544":{"start":{"line":545,"column":0},"end":{"line":545,"column":223}},"545":{"start":{"line":546,"column":0},"end":{"line":546,"column":25}},"546":{"start":{"line":547,"column":0},"end":{"line":547,"column":120}},"547":{"start":{"line":548,"column":0},"end":{"line":548,"column":26}},"548":{"start":{"line":549,"column":0},"end":{"line":549,"column":123}},"549":{"start":{"line":550,"column":0},"end":{"line":550,"column":16}},"550":{"start":{"line":551,"column":0},"end":{"line":551,"column":218}},"551":{"start":{"line":552,"column":0},"end":{"line":552,"column":37}},"552":{"start":{"line":553,"column":0},"end":{"line":553,"column":78}},"553":{"start":{"line":554,"column":0},"end":{"line":554,"column":54}},"554":{"start":{"line":555,"column":0},"end":{"line":555,"column":51}},"555":{"start":{"line":556,"column":0},"end":{"line":556,"column":43}},"556":{"start":{"line":557,"column":0},"end":{"line":557,"column":49}},"557":{"start":{"line":558,"column":0},"end":{"line":558,"column":18}},"558":{"start":{"line":559,"column":0},"end":{"line":559,"column":252}},"559":{"start":{"line":560,"column":0},"end":{"line":560,"column":25}},"560":{"start":{"line":561,"column":0},"end":{"line":561,"column":173}},"561":{"start":{"line":562,"column":0},"end":{"line":562,"column":49}},"562":{"start":{"line":563,"column":0},"end":{"line":563,"column":41}},"563":{"start":{"line":564,"column":0},"end":{"line":564,"column":85}},"564":{"start":{"line":565,"column":0},"end":{"line":565,"column":18}},"565":{"start":{"line":566,"column":0},"end":{"line":566,"column":107}},"566":{"start":{"line":567,"column":0},"end":{"line":567,"column":12}},"567":{"start":{"line":568,"column":0},"end":{"line":568,"column":153}},"568":{"start":{"line":569,"column":0},"end":{"line":569,"column":34}},"569":{"start":{"line":570,"column":0},"end":{"line":570,"column":13}},"570":{"start":{"line":571,"column":0},"end":{"line":571,"column":260}},"571":{"start":{"line":572,"column":0},"end":{"line":572,"column":14}},"572":{"start":{"line":573,"column":0},"end":{"line":573,"column":209}},"573":{"start":{"line":574,"column":0},"end":{"line":574,"column":30}},"574":{"start":{"line":575,"column":0},"end":{"line":575,"column":115}},"575":{"start":{"line":576,"column":0},"end":{"line":576,"column":32}},"576":{"start":{"line":577,"column":0},"end":{"line":577,"column":117}},"577":{"start":{"line":578,"column":0},"end":{"line":578,"column":31}},"578":{"start":{"line":579,"column":0},"end":{"line":579,"column":115}},"579":{"start":{"line":580,"column":0},"end":{"line":580,"column":33}},"580":{"start":{"line":581,"column":0},"end":{"line":581,"column":117}},"581":{"start":{"line":582,"column":0},"end":{"line":582,"column":76}},"582":{"start":{"line":583,"column":0},"end":{"line":583,"column":79}},"583":{"start":{"line":584,"column":0},"end":{"line":584,"column":71}},"584":{"start":{"line":585,"column":0},"end":{"line":585,"column":64}},"585":{"start":{"line":586,"column":0},"end":{"line":586,"column":82}},"586":{"start":{"line":587,"column":0},"end":{"line":587,"column":17}},"587":{"start":{"line":588,"column":0},"end":{"line":588,"column":284}},"588":{"start":{"line":589,"column":0},"end":{"line":589,"column":65}},"589":{"start":{"line":590,"column":0},"end":{"line":590,"column":20}},"590":{"start":{"line":591,"column":0},"end":{"line":591,"column":133}},"591":{"start":{"line":592,"column":0},"end":{"line":592,"column":31}},"592":{"start":{"line":593,"column":0},"end":{"line":593,"column":120}},"593":{"start":{"line":594,"column":0},"end":{"line":594,"column":31}},"594":{"start":{"line":595,"column":0},"end":{"line":595,"column":120}},"595":{"start":{"line":596,"column":0},"end":{"line":596,"column":36}},"596":{"start":{"line":597,"column":0},"end":{"line":597,"column":159}},"597":{"start":{"line":598,"column":0},"end":{"line":598,"column":27}},"598":{"start":{"line":599,"column":0},"end":{"line":599,"column":125}},"599":{"start":{"line":600,"column":0},"end":{"line":600,"column":27}},"600":{"start":{"line":601,"column":0},"end":{"line":601,"column":125}},"601":{"start":{"line":602,"column":0},"end":{"line":602,"column":32}},"602":{"start":{"line":603,"column":0},"end":{"line":603,"column":164}},"603":{"start":{"line":604,"column":0},"end":{"line":604,"column":14}},"604":{"start":{"line":605,"column":0},"end":{"line":605,"column":190}},"605":{"start":{"line":606,"column":0},"end":{"line":606,"column":49}},"606":{"start":{"line":607,"column":0},"end":{"line":607,"column":66}},"607":{"start":{"line":608,"column":0},"end":{"line":608,"column":61}},"608":{"start":{"line":609,"column":0},"end":{"line":609,"column":81}},"609":{"start":{"line":610,"column":0},"end":{"line":610,"column":20}},"610":{"start":{"line":611,"column":0},"end":{"line":611,"column":213}},"611":{"start":{"line":612,"column":0},"end":{"line":612,"column":24}},"612":{"start":{"line":613,"column":0},"end":{"line":613,"column":173}},"613":{"start":{"line":614,"column":0},"end":{"line":614,"column":27}},"614":{"start":{"line":615,"column":0},"end":{"line":615,"column":293}},"615":{"start":{"line":616,"column":0},"end":{"line":616,"column":61}},"616":{"start":{"line":617,"column":0},"end":{"line":617,"column":68}},"617":{"start":{"line":618,"column":0},"end":{"line":618,"column":63}},"618":{"start":{"line":619,"column":0},"end":{"line":619,"column":83}},"619":{"start":{"line":620,"column":0},"end":{"line":620,"column":28}},"620":{"start":{"line":621,"column":0},"end":{"line":621,"column":286}},"621":{"start":{"line":622,"column":0},"end":{"line":622,"column":60}},"622":{"start":{"line":623,"column":0},"end":{"line":623,"column":34}},"623":{"start":{"line":624,"column":0},"end":{"line":624,"column":9}},"624":{"start":{"line":625,"column":0},"end":{"line":625,"column":184}},"625":{"start":{"line":626,"column":0},"end":{"line":626,"column":18}},"626":{"start":{"line":627,"column":0},"end":{"line":627,"column":204}},"627":{"start":{"line":628,"column":0},"end":{"line":628,"column":14}},"628":{"start":{"line":629,"column":0},"end":{"line":629,"column":320}},"629":{"start":{"line":630,"column":0},"end":{"line":630,"column":15}},"630":{"start":{"line":631,"column":0},"end":{"line":631,"column":145}},"631":{"start":{"line":632,"column":0},"end":{"line":632,"column":115}},"632":{"start":{"line":633,"column":0},"end":{"line":633,"column":25}},"633":{"start":{"line":634,"column":0},"end":{"line":634,"column":208}},"634":{"start":{"line":635,"column":0},"end":{"line":635,"column":94}},"635":{"start":{"line":636,"column":0},"end":{"line":636,"column":15}},"636":{"start":{"line":637,"column":0},"end":{"line":637,"column":111}},"637":{"start":{"line":638,"column":0},"end":{"line":638,"column":102}},"638":{"start":{"line":639,"column":0},"end":{"line":639,"column":29}},"639":{"start":{"line":640,"column":0},"end":{"line":640,"column":150}},"640":{"start":{"line":641,"column":0},"end":{"line":641,"column":95}},"641":{"start":{"line":642,"column":0},"end":{"line":642,"column":24}},"642":{"start":{"line":643,"column":0},"end":{"line":643,"column":315}},"643":{"start":{"line":644,"column":0},"end":{"line":644,"column":21}},"644":{"start":{"line":645,"column":0},"end":{"line":645,"column":105}},"645":{"start":{"line":646,"column":0},"end":{"line":646,"column":24}},"646":{"start":{"line":647,"column":0},"end":{"line":647,"column":205}},"647":{"start":{"line":648,"column":0},"end":{"line":648,"column":98}},"648":{"start":{"line":649,"column":0},"end":{"line":649,"column":29}},"649":{"start":{"line":650,"column":0},"end":{"line":650,"column":360}},"650":{"start":{"line":651,"column":0},"end":{"line":651,"column":29}},"651":{"start":{"line":652,"column":0},"end":{"line":652,"column":339}},"652":{"start":{"line":653,"column":0},"end":{"line":653,"column":31}},"653":{"start":{"line":654,"column":0},"end":{"line":654,"column":193}},"654":{"start":{"line":655,"column":0},"end":{"line":655,"column":115}},"655":{"start":{"line":656,"column":0},"end":{"line":656,"column":10}},"656":{"start":{"line":657,"column":0},"end":{"line":657,"column":308}},"657":{"start":{"line":658,"column":0},"end":{"line":658,"column":24}},"658":{"start":{"line":659,"column":0},"end":{"line":659,"column":431}},"659":{"start":{"line":660,"column":0},"end":{"line":660,"column":18}},"660":{"start":{"line":661,"column":0},"end":{"line":661,"column":134}},"661":{"start":{"line":662,"column":0},"end":{"line":662,"column":25}},"662":{"start":{"line":663,"column":0},"end":{"line":663,"column":218}},"663":{"start":{"line":664,"column":0},"end":{"line":664,"column":22}},"664":{"start":{"line":665,"column":0},"end":{"line":665,"column":717}},"665":{"start":{"line":666,"column":0},"end":{"line":666,"column":85}},"666":{"start":{"line":667,"column":0},"end":{"line":667,"column":24}},"667":{"start":{"line":668,"column":0},"end":{"line":668,"column":224}},"668":{"start":{"line":669,"column":0},"end":{"line":669,"column":18}},"669":{"start":{"line":670,"column":0},"end":{"line":670,"column":324}},"670":{"start":{"line":671,"column":0},"end":{"line":671,"column":66}},"671":{"start":{"line":672,"column":0},"end":{"line":672,"column":79}},"672":{"start":{"line":673,"column":0},"end":{"line":673,"column":74}},"673":{"start":{"line":674,"column":0},"end":{"line":674,"column":20}},"674":{"start":{"line":675,"column":0},"end":{"line":675,"column":142}},"675":{"start":{"line":676,"column":0},"end":{"line":676,"column":21}},"676":{"start":{"line":677,"column":0},"end":{"line":677,"column":170}},"677":{"start":{"line":678,"column":0},"end":{"line":678,"column":22}},"678":{"start":{"line":679,"column":0},"end":{"line":679,"column":184}},"679":{"start":{"line":680,"column":0},"end":{"line":680,"column":17}},"680":{"start":{"line":681,"column":0},"end":{"line":681,"column":147}},"681":{"start":{"line":682,"column":0},"end":{"line":682,"column":60}},"682":{"start":{"line":683,"column":0},"end":{"line":683,"column":73}},"683":{"start":{"line":684,"column":0},"end":{"line":684,"column":20}},"684":{"start":{"line":685,"column":0},"end":{"line":685,"column":248}},"685":{"start":{"line":686,"column":0},"end":{"line":686,"column":36}},"686":{"start":{"line":687,"column":0},"end":{"line":687,"column":151}},"687":{"start":{"line":688,"column":0},"end":{"line":688,"column":107}},"688":{"start":{"line":689,"column":0},"end":{"line":689,"column":80}},"689":{"start":{"line":690,"column":0},"end":{"line":690,"column":68}},"690":{"start":{"line":691,"column":0},"end":{"line":691,"column":81}},"691":{"start":{"line":692,"column":0},"end":{"line":692,"column":25}},"692":{"start":{"line":693,"column":0},"end":{"line":693,"column":167}},"693":{"start":{"line":694,"column":0},"end":{"line":694,"column":41}},"694":{"start":{"line":695,"column":0},"end":{"line":695,"column":82}},"695":{"start":{"line":696,"column":0},"end":{"line":696,"column":58}},"696":{"start":{"line":697,"column":0},"end":{"line":697,"column":55}},"697":{"start":{"line":698,"column":0},"end":{"line":698,"column":47}},"698":{"start":{"line":699,"column":0},"end":{"line":699,"column":53}},"699":{"start":{"line":700,"column":0},"end":{"line":700,"column":22}},"700":{"start":{"line":701,"column":0},"end":{"line":701,"column":252}},"701":{"start":{"line":702,"column":0},"end":{"line":702,"column":29}},"702":{"start":{"line":703,"column":0},"end":{"line":703,"column":173}},"703":{"start":{"line":704,"column":0},"end":{"line":704,"column":53}},"704":{"start":{"line":705,"column":0},"end":{"line":705,"column":45}},"705":{"start":{"line":706,"column":0},"end":{"line":706,"column":89}},"706":{"start":{"line":707,"column":0},"end":{"line":707,"column":51}},"707":{"start":{"line":708,"column":0},"end":{"line":708,"column":21}},"708":{"start":{"line":709,"column":0},"end":{"line":709,"column":250}},"709":{"start":{"line":710,"column":0},"end":{"line":710,"column":37}},"710":{"start":{"line":711,"column":0},"end":{"line":711,"column":151}},"711":{"start":{"line":712,"column":0},"end":{"line":712,"column":108}},"712":{"start":{"line":713,"column":0},"end":{"line":713,"column":81}},"713":{"start":{"line":714,"column":0},"end":{"line":714,"column":69}},"714":{"start":{"line":715,"column":0},"end":{"line":715,"column":82}},"715":{"start":{"line":716,"column":0},"end":{"line":716,"column":26}},"716":{"start":{"line":717,"column":0},"end":{"line":717,"column":163}},"717":{"start":{"line":718,"column":0},"end":{"line":718,"column":49}},"718":{"start":{"line":719,"column":0},"end":{"line":719,"column":17}},"719":{"start":{"line":720,"column":0},"end":{"line":720,"column":271}},"720":{"start":{"line":721,"column":0},"end":{"line":721,"column":18}},"721":{"start":{"line":722,"column":0},"end":{"line":722,"column":245}},"722":{"start":{"line":723,"column":0},"end":{"line":723,"column":80}},"723":{"start":{"line":724,"column":0},"end":{"line":724,"column":83}},"724":{"start":{"line":725,"column":0},"end":{"line":725,"column":75}},"725":{"start":{"line":726,"column":0},"end":{"line":726,"column":68}},"726":{"start":{"line":727,"column":0},"end":{"line":727,"column":86}},"727":{"start":{"line":728,"column":0},"end":{"line":728,"column":21}},"728":{"start":{"line":729,"column":0},"end":{"line":729,"column":284}},"729":{"start":{"line":730,"column":0},"end":{"line":730,"column":69}},"730":{"start":{"line":731,"column":0},"end":{"line":731,"column":58}},"731":{"start":{"line":732,"column":0},"end":{"line":732,"column":54}},"732":{"start":{"line":733,"column":0},"end":{"line":733,"column":18}},"733":{"start":{"line":734,"column":0},"end":{"line":734,"column":204}},"734":{"start":{"line":735,"column":0},"end":{"line":735,"column":52}},"735":{"start":{"line":736,"column":0},"end":{"line":736,"column":42}},"736":{"start":{"line":737,"column":0},"end":{"line":737,"column":79}},"737":{"start":{"line":738,"column":0},"end":{"line":738,"column":57}},"738":{"start":{"line":739,"column":0},"end":{"line":739,"column":54}},"739":{"start":{"line":740,"column":0},"end":{"line":740,"column":75}},"740":{"start":{"line":741,"column":0},"end":{"line":741,"column":64}},"741":{"start":{"line":742,"column":0},"end":{"line":742,"column":77}},"742":{"start":{"line":743,"column":0},"end":{"line":743,"column":108}},"743":{"start":{"line":744,"column":0},"end":{"line":744,"column":87}},"744":{"start":{"line":745,"column":0},"end":{"line":745,"column":76}},"745":{"start":{"line":746,"column":0},"end":{"line":746,"column":29}},"746":{"start":{"line":747,"column":0},"end":{"line":747,"column":232}},"747":{"start":{"line":748,"column":0},"end":{"line":748,"column":77}},"748":{"start":{"line":749,"column":0},"end":{"line":749,"column":73}},"749":{"start":{"line":750,"column":0},"end":{"line":750,"column":38}},"750":{"start":{"line":751,"column":0},"end":{"line":751,"column":197}},"751":{"start":{"line":752,"column":0},"end":{"line":752,"column":69}},"752":{"start":{"line":753,"column":0},"end":{"line":753,"column":93}},"753":{"start":{"line":754,"column":0},"end":{"line":754,"column":63}},"754":{"start":{"line":755,"column":0},"end":{"line":755,"column":44}},"755":{"start":{"line":756,"column":0},"end":{"line":756,"column":50}},"756":{"start":{"line":757,"column":0},"end":{"line":757,"column":26}},"757":{"start":{"line":758,"column":0},"end":{"line":758,"column":138}},"758":{"start":{"line":759,"column":0},"end":{"line":759,"column":76}},"759":{"start":{"line":760,"column":0},"end":{"line":760,"column":55}},"760":{"start":{"line":761,"column":0},"end":{"line":761,"column":96}},"761":{"start":{"line":762,"column":0},"end":{"line":762,"column":58}},"762":{"start":{"line":763,"column":0},"end":{"line":763,"column":20}},"763":{"start":{"line":764,"column":0},"end":{"line":764,"column":167}},"764":{"start":{"line":765,"column":0},"end":{"line":765,"column":33}},"765":{"start":{"line":766,"column":0},"end":{"line":766,"column":57}},"766":{"start":{"line":767,"column":0},"end":{"line":767,"column":99}},"767":{"start":{"line":768,"column":0},"end":{"line":768,"column":43}},"768":{"start":{"line":769,"column":0},"end":{"line":769,"column":17}},"769":{"start":{"line":770,"column":0},"end":{"line":770,"column":154}},"770":{"start":{"line":771,"column":0},"end":{"line":771,"column":39}},"771":{"start":{"line":772,"column":0},"end":{"line":772,"column":17}},"772":{"start":{"line":773,"column":0},"end":{"line":773,"column":136}},"773":{"start":{"line":774,"column":0},"end":{"line":774,"column":23}},"774":{"start":{"line":775,"column":0},"end":{"line":775,"column":225}},"775":{"start":{"line":776,"column":0},"end":{"line":776,"column":44}},"776":{"start":{"line":777,"column":0},"end":{"line":777,"column":188}},"777":{"start":{"line":778,"column":0},"end":{"line":778,"column":83}},"778":{"start":{"line":779,"column":0},"end":{"line":779,"column":38}},"779":{"start":{"line":780,"column":0},"end":{"line":780,"column":165}},"780":{"start":{"line":781,"column":0},"end":{"line":781,"column":34}},"781":{"start":{"line":782,"column":0},"end":{"line":782,"column":232}},"782":{"start":{"line":783,"column":0},"end":{"line":783,"column":75}},"783":{"start":{"line":784,"column":0},"end":{"line":784,"column":35}},"784":{"start":{"line":785,"column":0},"end":{"line":785,"column":161}},"785":{"start":{"line":786,"column":0},"end":{"line":786,"column":104}},"786":{"start":{"line":787,"column":0},"end":{"line":787,"column":35}},"787":{"start":{"line":788,"column":0},"end":{"line":788,"column":204}},"788":{"start":{"line":789,"column":0},"end":{"line":789,"column":33}},"789":{"start":{"line":790,"column":0},"end":{"line":790,"column":141}},"790":{"start":{"line":791,"column":0},"end":{"line":791,"column":25}},"791":{"start":{"line":792,"column":0},"end":{"line":792,"column":182}},"792":{"start":{"line":793,"column":0},"end":{"line":793,"column":70}},"793":{"start":{"line":794,"column":0},"end":{"line":794,"column":57}},"794":{"start":{"line":795,"column":0},"end":{"line":795,"column":54}},"795":{"start":{"line":796,"column":0},"end":{"line":796,"column":30}},"796":{"start":{"line":797,"column":0},"end":{"line":797,"column":139}},"797":{"start":{"line":798,"column":0},"end":{"line":798,"column":69}},"798":{"start":{"line":799,"column":0},"end":{"line":799,"column":31}},"799":{"start":{"line":800,"column":0},"end":{"line":800,"column":413}},"800":{"start":{"line":801,"column":0},"end":{"line":801,"column":84}},"801":{"start":{"line":802,"column":0},"end":{"line":802,"column":101}},"802":{"start":{"line":803,"column":0},"end":{"line":803,"column":118}},"803":{"start":{"line":804,"column":0},"end":{"line":804,"column":28}},"804":{"start":{"line":805,"column":0},"end":{"line":805,"column":141}},"805":{"start":{"line":806,"column":0},"end":{"line":806,"column":93}},"806":{"start":{"line":807,"column":0},"end":{"line":807,"column":62}},"807":{"start":{"line":808,"column":0},"end":{"line":808,"column":61}},"808":{"start":{"line":809,"column":0},"end":{"line":809,"column":72}},"809":{"start":{"line":810,"column":0},"end":{"line":810,"column":71}},"810":{"start":{"line":811,"column":0},"end":{"line":811,"column":85}},"811":{"start":{"line":812,"column":0},"end":{"line":812,"column":60}},"812":{"start":{"line":813,"column":0},"end":{"line":813,"column":61}},"813":{"start":{"line":814,"column":0},"end":{"line":814,"column":28}},"814":{"start":{"line":815,"column":0},"end":{"line":815,"column":278}},"815":{"start":{"line":816,"column":0},"end":{"line":816,"column":69}},"816":{"start":{"line":817,"column":0},"end":{"line":817,"column":120}},"817":{"start":{"line":818,"column":0},"end":{"line":818,"column":42}},"818":{"start":{"line":819,"column":0},"end":{"line":819,"column":98}},"819":{"start":{"line":820,"column":0},"end":{"line":820,"column":25}},"820":{"start":{"line":821,"column":0},"end":{"line":821,"column":175}},"821":{"start":{"line":822,"column":0},"end":{"line":822,"column":85}},"822":{"start":{"line":823,"column":0},"end":{"line":823,"column":82}},"823":{"start":{"line":824,"column":0},"end":{"line":824,"column":58}},"824":{"start":{"line":825,"column":0},"end":{"line":825,"column":56}},"825":{"start":{"line":826,"column":0},"end":{"line":826,"column":69}},"826":{"start":{"line":827,"column":0},"end":{"line":827,"column":74}},"827":{"start":{"line":828,"column":0},"end":{"line":828,"column":56}},"828":{"start":{"line":829,"column":0},"end":{"line":829,"column":99}},"829":{"start":{"line":830,"column":0},"end":{"line":830,"column":78}},"830":{"start":{"line":831,"column":0},"end":{"line":831,"column":72}},"831":{"start":{"line":832,"column":0},"end":{"line":832,"column":25}},"832":{"start":{"line":833,"column":0},"end":{"line":833,"column":175}},"833":{"start":{"line":834,"column":0},"end":{"line":834,"column":66}},"834":{"start":{"line":835,"column":0},"end":{"line":835,"column":58}},"835":{"start":{"line":836,"column":0},"end":{"line":836,"column":86}},"836":{"start":{"line":837,"column":0},"end":{"line":837,"column":63}},"837":{"start":{"line":838,"column":0},"end":{"line":838,"column":47}},"838":{"start":{"line":839,"column":0},"end":{"line":839,"column":22}},"839":{"start":{"line":840,"column":0},"end":{"line":840,"column":435}},"840":{"start":{"line":841,"column":0},"end":{"line":841,"column":30}},"841":{"start":{"line":842,"column":0},"end":{"line":842,"column":136}},"842":{"start":{"line":843,"column":0},"end":{"line":843,"column":36}},"843":{"start":{"line":844,"column":0},"end":{"line":844,"column":225}},"844":{"start":{"line":845,"column":0},"end":{"line":845,"column":68}},"845":{"start":{"line":846,"column":0},"end":{"line":846,"column":76}},"846":{"start":{"line":847,"column":0},"end":{"line":847,"column":80}},"847":{"start":{"line":848,"column":0},"end":{"line":848,"column":38}},"848":{"start":{"line":849,"column":0},"end":{"line":849,"column":182}},"849":{"start":{"line":850,"column":0},"end":{"line":850,"column":35}},"850":{"start":{"line":851,"column":0},"end":{"line":851,"column":435}},"851":{"start":{"line":852,"column":0},"end":{"line":852,"column":90}},"852":{"start":{"line":853,"column":0},"end":{"line":853,"column":41}},"853":{"start":{"line":854,"column":0},"end":{"line":854,"column":191}},"854":{"start":{"line":855,"column":0},"end":{"line":855,"column":80}},"855":{"start":{"line":856,"column":0},"end":{"line":856,"column":93}},"856":{"start":{"line":857,"column":0},"end":{"line":857,"column":58}},"857":{"start":{"line":858,"column":0},"end":{"line":858,"column":37}},"858":{"start":{"line":859,"column":0},"end":{"line":859,"column":610}},"859":{"start":{"line":860,"column":0},"end":{"line":860,"column":90}},"860":{"start":{"line":861,"column":0},"end":{"line":861,"column":42}},"861":{"start":{"line":862,"column":0},"end":{"line":862,"column":435}},"862":{"start":{"line":863,"column":0},"end":{"line":863,"column":51}},"863":{"start":{"line":864,"column":0},"end":{"line":864,"column":57}},"864":{"start":{"line":865,"column":0},"end":{"line":865,"column":435}},"865":{"start":{"line":866,"column":0},"end":{"line":866,"column":66}},"866":{"start":{"line":867,"column":0},"end":{"line":867,"column":86}},"867":{"start":{"line":868,"column":0},"end":{"line":868,"column":71}},"868":{"start":{"line":869,"column":0},"end":{"line":869,"column":44}},"869":{"start":{"line":870,"column":0},"end":{"line":870,"column":98}},"870":{"start":{"line":871,"column":0},"end":{"line":871,"column":63}},"871":{"start":{"line":872,"column":0},"end":{"line":872,"column":72}},"872":{"start":{"line":873,"column":0},"end":{"line":873,"column":76}},"873":{"start":{"line":874,"column":0},"end":{"line":874,"column":41}},"874":{"start":{"line":875,"column":0},"end":{"line":875,"column":1010}},"875":{"start":{"line":876,"column":0},"end":{"line":876,"column":99}},"876":{"start":{"line":877,"column":0},"end":{"line":877,"column":64}},"877":{"start":{"line":878,"column":0},"end":{"line":878,"column":73}},"878":{"start":{"line":879,"column":0},"end":{"line":879,"column":77}},"879":{"start":{"line":880,"column":0},"end":{"line":880,"column":64}},"880":{"start":{"line":881,"column":0},"end":{"line":881,"column":107}},"881":{"start":{"line":882,"column":0},"end":{"line":882,"column":72}},"882":{"start":{"line":883,"column":0},"end":{"line":883,"column":29}},"883":{"start":{"line":884,"column":0},"end":{"line":884,"column":107}},"884":{"start":{"line":885,"column":0},"end":{"line":885,"column":47}},"885":{"start":{"line":886,"column":0},"end":{"line":886,"column":298}},"886":{"start":{"line":887,"column":0},"end":{"line":887,"column":47}},"887":{"start":{"line":888,"column":0},"end":{"line":888,"column":296}},"888":{"start":{"line":889,"column":0},"end":{"line":889,"column":67}},"889":{"start":{"line":890,"column":0},"end":{"line":890,"column":71}},"890":{"start":{"line":891,"column":0},"end":{"line":891,"column":84}},"891":{"start":{"line":892,"column":0},"end":{"line":892,"column":21}},"892":{"start":{"line":893,"column":0},"end":{"line":893,"column":167}},"893":{"start":{"line":894,"column":0},"end":{"line":894,"column":67}},"894":{"start":{"line":895,"column":0},"end":{"line":895,"column":22}},"895":{"start":{"line":896,"column":0},"end":{"line":896,"column":157}},"896":{"start":{"line":897,"column":0},"end":{"line":897,"column":30}},"897":{"start":{"line":898,"column":0},"end":{"line":898,"column":136}},"898":{"start":{"line":899,"column":0},"end":{"line":899,"column":36}},"899":{"start":{"line":900,"column":0},"end":{"line":900,"column":225}},"900":{"start":{"line":901,"column":0},"end":{"line":901,"column":38}},"901":{"start":{"line":902,"column":0},"end":{"line":902,"column":182}},"902":{"start":{"line":903,"column":0},"end":{"line":903,"column":35}},"903":{"start":{"line":904,"column":0},"end":{"line":904,"column":435}},"904":{"start":{"line":905,"column":0},"end":{"line":905,"column":80}},"905":{"start":{"line":906,"column":0},"end":{"line":906,"column":93}},"906":{"start":{"line":907,"column":0},"end":{"line":907,"column":58}},"907":{"start":{"line":908,"column":0},"end":{"line":908,"column":37}},"908":{"start":{"line":909,"column":0},"end":{"line":909,"column":610}},"909":{"start":{"line":910,"column":0},"end":{"line":910,"column":90}},"910":{"start":{"line":911,"column":0},"end":{"line":911,"column":44}},"911":{"start":{"line":912,"column":0},"end":{"line":912,"column":98}},"912":{"start":{"line":913,"column":0},"end":{"line":913,"column":63}},"913":{"start":{"line":914,"column":0},"end":{"line":914,"column":72}},"914":{"start":{"line":915,"column":0},"end":{"line":915,"column":76}},"915":{"start":{"line":916,"column":0},"end":{"line":916,"column":41}},"916":{"start":{"line":917,"column":0},"end":{"line":917,"column":1010}},"917":{"start":{"line":918,"column":0},"end":{"line":918,"column":99}},"918":{"start":{"line":919,"column":0},"end":{"line":919,"column":64}},"919":{"start":{"line":920,"column":0},"end":{"line":920,"column":73}},"920":{"start":{"line":921,"column":0},"end":{"line":921,"column":77}},"921":{"start":{"line":922,"column":0},"end":{"line":922,"column":64}},"922":{"start":{"line":923,"column":0},"end":{"line":923,"column":107}},"923":{"start":{"line":924,"column":0},"end":{"line":924,"column":72}},"924":{"start":{"line":925,"column":0},"end":{"line":925,"column":29}},"925":{"start":{"line":926,"column":0},"end":{"line":926,"column":107}},"926":{"start":{"line":927,"column":0},"end":{"line":927,"column":47}},"927":{"start":{"line":928,"column":0},"end":{"line":928,"column":298}},"928":{"start":{"line":929,"column":0},"end":{"line":929,"column":47}},"929":{"start":{"line":930,"column":0},"end":{"line":930,"column":296}},"930":{"start":{"line":931,"column":0},"end":{"line":931,"column":67}},"931":{"start":{"line":932,"column":0},"end":{"line":932,"column":71}},"932":{"start":{"line":933,"column":0},"end":{"line":933,"column":84}},"933":{"start":{"line":934,"column":0},"end":{"line":934,"column":34}},"934":{"start":{"line":935,"column":0},"end":{"line":935,"column":36}},"935":{"start":{"line":936,"column":0},"end":{"line":936,"column":40}},"936":{"start":{"line":937,"column":0},"end":{"line":937,"column":40}},"937":{"start":{"line":938,"column":0},"end":{"line":938,"column":40}},"938":{"start":{"line":939,"column":0},"end":{"line":939,"column":40}},"939":{"start":{"line":940,"column":0},"end":{"line":940,"column":36}},"940":{"start":{"line":941,"column":0},"end":{"line":941,"column":24}},"941":{"start":{"line":942,"column":0},"end":{"line":942,"column":610}},"942":{"start":{"line":943,"column":0},"end":{"line":943,"column":15}},"943":{"start":{"line":944,"column":0},"end":{"line":944,"column":181}},"944":{"start":{"line":945,"column":0},"end":{"line":945,"column":110}},"945":{"start":{"line":946,"column":0},"end":{"line":946,"column":68}},"946":{"start":{"line":947,"column":0},"end":{"line":947,"column":36}},"947":{"start":{"line":948,"column":0},"end":{"line":948,"column":109}},"948":{"start":{"line":949,"column":0},"end":{"line":949,"column":46}},"949":{"start":{"line":950,"column":0},"end":{"line":950,"column":114}},"950":{"start":{"line":951,"column":0},"end":{"line":951,"column":20}},"951":{"start":{"line":952,"column":0},"end":{"line":952,"column":386}},"952":{"start":{"line":953,"column":0},"end":{"line":953,"column":89}},"953":{"start":{"line":954,"column":0},"end":{"line":954,"column":35}},"954":{"start":{"line":955,"column":0},"end":{"line":955,"column":181}},"955":{"start":{"line":956,"column":0},"end":{"line":956,"column":20}},"956":{"start":{"line":957,"column":0},"end":{"line":957,"column":183}},"957":{"start":{"line":958,"column":0},"end":{"line":958,"column":33}},"958":{"start":{"line":959,"column":0},"end":{"line":959,"column":415}},"959":{"start":{"line":960,"column":0},"end":{"line":960,"column":86}},"960":{"start":{"line":961,"column":0},"end":{"line":961,"column":103}},"961":{"start":{"line":962,"column":0},"end":{"line":962,"column":120}},"962":{"start":{"line":963,"column":0},"end":{"line":963,"column":30}},"963":{"start":{"line":964,"column":0},"end":{"line":964,"column":141}},"964":{"start":{"line":965,"column":0},"end":{"line":965,"column":30}},"965":{"start":{"line":966,"column":0},"end":{"line":966,"column":254}},"966":{"start":{"line":967,"column":0},"end":{"line":967,"column":71}},"967":{"start":{"line":968,"column":0},"end":{"line":968,"column":40}},"968":{"start":{"line":969,"column":0},"end":{"line":969,"column":85}},"969":{"start":{"line":970,"column":0},"end":{"line":970,"column":44}},"970":{"start":{"line":971,"column":0},"end":{"line":971,"column":98}},"971":{"start":{"line":972,"column":0},"end":{"line":972,"column":27}},"972":{"start":{"line":973,"column":0},"end":{"line":973,"column":180}},"973":{"start":{"line":974,"column":0},"end":{"line":974,"column":84}},"974":{"start":{"line":975,"column":0},"end":{"line":975,"column":61}},"975":{"start":{"line":976,"column":0},"end":{"line":976,"column":79}},"976":{"start":{"line":977,"column":0},"end":{"line":977,"column":101}},"977":{"start":{"line":978,"column":0},"end":{"line":978,"column":40}},"978":{"start":{"line":979,"column":0},"end":{"line":979,"column":84}},"979":{"start":{"line":980,"column":0},"end":{"line":980,"column":26}},"980":{"start":{"line":981,"column":0},"end":{"line":981,"column":281}},"981":{"start":{"line":982,"column":0},"end":{"line":982,"column":77}},"982":{"start":{"line":983,"column":0},"end":{"line":983,"column":24}},"983":{"start":{"line":984,"column":0},"end":{"line":984,"column":136}},"984":{"start":{"line":985,"column":0},"end":{"line":985,"column":30}},"985":{"start":{"line":986,"column":0},"end":{"line":986,"column":225}},"986":{"start":{"line":987,"column":0},"end":{"line":987,"column":51}},"987":{"start":{"line":988,"column":0},"end":{"line":988,"column":188}},"988":{"start":{"line":989,"column":0},"end":{"line":989,"column":90}},"989":{"start":{"line":990,"column":0},"end":{"line":990,"column":45}},"990":{"start":{"line":991,"column":0},"end":{"line":991,"column":165}},"991":{"start":{"line":992,"column":0},"end":{"line":992,"column":41}},"992":{"start":{"line":993,"column":0},"end":{"line":993,"column":232}},"993":{"start":{"line":994,"column":0},"end":{"line":994,"column":82}},"994":{"start":{"line":995,"column":0},"end":{"line":995,"column":42}},"995":{"start":{"line":996,"column":0},"end":{"line":996,"column":161}},"996":{"start":{"line":997,"column":0},"end":{"line":997,"column":111}},"997":{"start":{"line":998,"column":0},"end":{"line":998,"column":42}},"998":{"start":{"line":999,"column":0},"end":{"line":999,"column":204}},"999":{"start":{"line":1000,"column":0},"end":{"line":1000,"column":40}},"1000":{"start":{"line":1001,"column":0},"end":{"line":1001,"column":141}},"1001":{"start":{"line":1002,"column":0},"end":{"line":1002,"column":32}},"1002":{"start":{"line":1003,"column":0},"end":{"line":1003,"column":182}},"1003":{"start":{"line":1004,"column":0},"end":{"line":1004,"column":77}},"1004":{"start":{"line":1005,"column":0},"end":{"line":1005,"column":64}},"1005":{"start":{"line":1006,"column":0},"end":{"line":1006,"column":61}},"1006":{"start":{"line":1007,"column":0},"end":{"line":1007,"column":37}},"1007":{"start":{"line":1008,"column":0},"end":{"line":1008,"column":139}},"1008":{"start":{"line":1009,"column":0},"end":{"line":1009,"column":76}},"1009":{"start":{"line":1010,"column":0},"end":{"line":1010,"column":38}},"1010":{"start":{"line":1011,"column":0},"end":{"line":1011,"column":413}},"1011":{"start":{"line":1012,"column":0},"end":{"line":1012,"column":91}},"1012":{"start":{"line":1013,"column":0},"end":{"line":1013,"column":108}},"1013":{"start":{"line":1014,"column":0},"end":{"line":1014,"column":52}},"1014":{"start":{"line":1015,"column":0},"end":{"line":1015,"column":76}},"1015":{"start":{"line":1016,"column":0},"end":{"line":1016,"column":35}},"1016":{"start":{"line":1017,"column":0},"end":{"line":1017,"column":141}},"1017":{"start":{"line":1018,"column":0},"end":{"line":1018,"column":100}},"1018":{"start":{"line":1019,"column":0},"end":{"line":1019,"column":69}},"1019":{"start":{"line":1020,"column":0},"end":{"line":1020,"column":68}},"1020":{"start":{"line":1021,"column":0},"end":{"line":1021,"column":79}},"1021":{"start":{"line":1022,"column":0},"end":{"line":1022,"column":78}},"1022":{"start":{"line":1023,"column":0},"end":{"line":1023,"column":92}},"1023":{"start":{"line":1024,"column":0},"end":{"line":1024,"column":67}},"1024":{"start":{"line":1025,"column":0},"end":{"line":1025,"column":68}},"1025":{"start":{"line":1026,"column":0},"end":{"line":1026,"column":35}},"1026":{"start":{"line":1027,"column":0},"end":{"line":1027,"column":278}},"1027":{"start":{"line":1028,"column":0},"end":{"line":1028,"column":76}},"1028":{"start":{"line":1029,"column":0},"end":{"line":1029,"column":45}},"1029":{"start":{"line":1030,"column":0},"end":{"line":1030,"column":85}},"1030":{"start":{"line":1031,"column":0},"end":{"line":1031,"column":49}},"1031":{"start":{"line":1032,"column":0},"end":{"line":1032,"column":98}},"1032":{"start":{"line":1033,"column":0},"end":{"line":1033,"column":32}},"1033":{"start":{"line":1034,"column":0},"end":{"line":1034,"column":175}},"1034":{"start":{"line":1035,"column":0},"end":{"line":1035,"column":92}},"1035":{"start":{"line":1036,"column":0},"end":{"line":1036,"column":89}},"1036":{"start":{"line":1037,"column":0},"end":{"line":1037,"column":65}},"1037":{"start":{"line":1038,"column":0},"end":{"line":1038,"column":63}},"1038":{"start":{"line":1039,"column":0},"end":{"line":1039,"column":76}},"1039":{"start":{"line":1040,"column":0},"end":{"line":1040,"column":81}},"1040":{"start":{"line":1041,"column":0},"end":{"line":1041,"column":63}},"1041":{"start":{"line":1042,"column":0},"end":{"line":1042,"column":106}},"1042":{"start":{"line":1043,"column":0},"end":{"line":1043,"column":85}},"1043":{"start":{"line":1044,"column":0},"end":{"line":1044,"column":79}},"1044":{"start":{"line":1045,"column":0},"end":{"line":1045,"column":32}},"1045":{"start":{"line":1046,"column":0},"end":{"line":1046,"column":175}},"1046":{"start":{"line":1047,"column":0},"end":{"line":1047,"column":73}},"1047":{"start":{"line":1048,"column":0},"end":{"line":1048,"column":65}},"1048":{"start":{"line":1049,"column":0},"end":{"line":1049,"column":93}},"1049":{"start":{"line":1050,"column":0},"end":{"line":1050,"column":70}},"1050":{"start":{"line":1051,"column":0},"end":{"line":1051,"column":54}},"1051":{"start":{"line":1052,"column":0},"end":{"line":1052,"column":29}},"1052":{"start":{"line":1053,"column":0},"end":{"line":1053,"column":435}},"1053":{"start":{"line":1054,"column":0},"end":{"line":1054,"column":74}},"1054":{"start":{"line":1055,"column":0},"end":{"line":1055,"column":29}},"1055":{"start":{"line":1056,"column":0},"end":{"line":1056,"column":157}},"1056":{"start":{"line":1057,"column":0},"end":{"line":1057,"column":87}},"1057":{"start":{"line":1058,"column":0},"end":{"line":1058,"column":52}},"1058":{"start":{"line":1059,"column":0},"end":{"line":1059,"column":42}},"1059":{"start":{"line":1060,"column":0},"end":{"line":1060,"column":435}},"1060":{"start":{"line":1061,"column":0},"end":{"line":1061,"column":51}},"1061":{"start":{"line":1062,"column":0},"end":{"line":1062,"column":71}},"1062":{"start":{"line":1063,"column":0},"end":{"line":1063,"column":41}},"1063":{"start":{"line":1064,"column":0},"end":{"line":1064,"column":43}},"1064":{"start":{"line":1065,"column":0},"end":{"line":1065,"column":47}},"1065":{"start":{"line":1066,"column":0},"end":{"line":1066,"column":47}},"1066":{"start":{"line":1067,"column":0},"end":{"line":1067,"column":47}},"1067":{"start":{"line":1068,"column":0},"end":{"line":1068,"column":47}},"1068":{"start":{"line":1069,"column":0},"end":{"line":1069,"column":43}},"1069":{"start":{"line":1070,"column":0},"end":{"line":1070,"column":31}},"1070":{"start":{"line":1071,"column":0},"end":{"line":1071,"column":610}},"1071":{"start":{"line":1072,"column":0},"end":{"line":1072,"column":40}},"1072":{"start":{"line":1073,"column":0},"end":{"line":1073,"column":415}},"1073":{"start":{"line":1074,"column":0},"end":{"line":1074,"column":93}},"1074":{"start":{"line":1075,"column":0},"end":{"line":1075,"column":110}},"1075":{"start":{"line":1076,"column":0},"end":{"line":1076,"column":54}},"1076":{"start":{"line":1077,"column":0},"end":{"line":1077,"column":76}},"1077":{"start":{"line":1078,"column":0},"end":{"line":1078,"column":37}},"1078":{"start":{"line":1079,"column":0},"end":{"line":1079,"column":141}},"1079":{"start":{"line":1080,"column":0},"end":{"line":1080,"column":37}},"1080":{"start":{"line":1081,"column":0},"end":{"line":1081,"column":254}},"1081":{"start":{"line":1082,"column":0},"end":{"line":1082,"column":78}},"1082":{"start":{"line":1083,"column":0},"end":{"line":1083,"column":47}},"1083":{"start":{"line":1084,"column":0},"end":{"line":1084,"column":85}},"1084":{"start":{"line":1085,"column":0},"end":{"line":1085,"column":51}},"1085":{"start":{"line":1086,"column":0},"end":{"line":1086,"column":98}},"1086":{"start":{"line":1087,"column":0},"end":{"line":1087,"column":34}},"1087":{"start":{"line":1088,"column":0},"end":{"line":1088,"column":180}},"1088":{"start":{"line":1089,"column":0},"end":{"line":1089,"column":91}},"1089":{"start":{"line":1090,"column":0},"end":{"line":1090,"column":68}},"1090":{"start":{"line":1091,"column":0},"end":{"line":1091,"column":86}},"1091":{"start":{"line":1092,"column":0},"end":{"line":1092,"column":108}},"1092":{"start":{"line":1093,"column":0},"end":{"line":1093,"column":47}},"1093":{"start":{"line":1094,"column":0},"end":{"line":1094,"column":84}},"1094":{"start":{"line":1095,"column":0},"end":{"line":1095,"column":33}},"1095":{"start":{"line":1096,"column":0},"end":{"line":1096,"column":281}},"1096":{"start":{"line":1097,"column":0},"end":{"line":1097,"column":84}},"1097":{"start":{"line":1098,"column":0},"end":{"line":1098,"column":76}},"1098":{"start":{"line":1099,"column":0},"end":{"line":1099,"column":94}},"1099":{"start":{"line":1100,"column":0},"end":{"line":1100,"column":97}},"1100":{"start":{"line":1101,"column":0},"end":{"line":1101,"column":94}},"1101":{"start":{"line":1102,"column":0},"end":{"line":1102,"column":37}},"1102":{"start":{"line":1103,"column":0},"end":{"line":1103,"column":411}},"1103":{"start":{"line":1104,"column":0},"end":{"line":1104,"column":90}},"1104":{"start":{"line":1105,"column":0},"end":{"line":1105,"column":107}},"1105":{"start":{"line":1106,"column":0},"end":{"line":1106,"column":51}},"1106":{"start":{"line":1107,"column":0},"end":{"line":1107,"column":76}},"1107":{"start":{"line":1108,"column":0},"end":{"line":1108,"column":34}},"1108":{"start":{"line":1109,"column":0},"end":{"line":1109,"column":141}},"1109":{"start":{"line":1110,"column":0},"end":{"line":1110,"column":30}},"1110":{"start":{"line":1111,"column":0},"end":{"line":1111,"column":341}},"1111":{"start":{"line":1112,"column":0},"end":{"line":1112,"column":34}},"1112":{"start":{"line":1113,"column":0},"end":{"line":1113,"column":250}},"1113":{"start":{"line":1114,"column":0},"end":{"line":1114,"column":75}},"1114":{"start":{"line":1115,"column":0},"end":{"line":1115,"column":44}},"1115":{"start":{"line":1116,"column":0},"end":{"line":1116,"column":85}},"1116":{"start":{"line":1117,"column":0},"end":{"line":1117,"column":48}},"1117":{"start":{"line":1118,"column":0},"end":{"line":1118,"column":98}},"1118":{"start":{"line":1119,"column":0},"end":{"li
[...]
ine":27,"column":7}}]},"13":{"type":"branch","line":30,"loc":{"start":{"line":30,"column":12},"end":{"line":38,"column":5}},"locations":[{"start":{"line":30,"column":12},"end":{"line":38,"column":5}}]},"14":{"type":"branch","line":33,"loc":{"start":{"line":33,"column":31},"end":{"line":35,"column":5}},"locations":[{"start":{"line":33,"column":31},"end":{"line":35,"column":5}}]},"15":{"type":"branch","line":35,"loc":{"start":{"line":35,"column":4},"end":{"line":37,"column":25}},"locations":[{"start":{"line":35,"column":4},"end":{"line":37,"column":25}}]},"16":{"type":"branch","line":49,"loc":{"start":{"line":49,"column":23},"end":{"line":51,"column":16}},"locations":[{"start":{"line":49,"column":23},"end":{"line":51,"column":16}}]},"17":{"type":"branch","line":63,"loc":{"start":{"line":63,"column":25},"end":{"line":65,"column":18}},"locations":[{"start":{"line":63,"column":25},"end":{"line":65,"column":18}}]},"18":{"type":"branch","line":74,"loc":{"start":{"line":74,"column":25},"end":{"line":76,"column":18}},"locations":[{"start":{"line":74,"column":25},"end":{"line":76,"column":18}}]}},"b":{"0":[25],"1":[43],"2":[43],"3":[43],"4":[42],"5":[42],"6":[41],"7":[41],"8":[41],"9":[2],"10":[2],"11":[1],"12":[1],"13":[20],"14":[8],"15":[12],"16":[1],"17":[2],"18":[2]},"fnMap":{"0":{"name":"Buttons","decl":{"start":{"line":6,"column":16},"end":{"line":87,"column":2}},"loc":{"start":{"line":6,"column":16},"end":{"line":87,"column":2}},"line":6},"1":{"name":"handleRemoveLogSample","decl":{"start":{"line":15,"column":32},"end":{"line":17,"column":4}},"loc":{"start":{"line":15,"column":32},"end":{"line":17,"column":4}},"line":15},"2":{"name":"handleAddLogSample","decl":{"start":{"line":18,"column":29},"end":{"line":20,"column":4}},"loc":{"start":{"line":18,"column":29},"end":{"line":20,"column":4}},"line":18},"3":{"name":"runGPT","decl":{"start":{"line":22,"column":17},"end":{"line":28,"column":4}},"loc":{"start":{"line":22,"column":17},"end":{"line":28,"column":4}},"line":22},"4":{"name":"onClick","decl":{"start":{"line":49,"column":23},"end":{"line":51,"column":16}},"loc":{"start":{"line":49,"column":23},"end":{"line":51,"column":16}},"line":49},"5":{"name":"onClick","decl":{"start":{"line":63,"column":25},"end":{"line":65,"column":18}},"loc":{"start":{"line":63,"column":25},"end":{"line":65,"column":18}},"line":63},"6":{"name":"onClick","decl":{"start":{"line":74,"column":25},"end":{"line":76,"column":18}},"loc":{"start":{"line":74,"column":25},"end":{"line":76,"column":18}},"line":74}},"f":{"0":25,"1":2,"2":2,"3":1,"4":1,"5":2,"6":2}}
,"/home/marius/projects/elastic-playground/src/components/logsampleform/Forms.jsx": {"path":"/home/marius/projects/elastic-playground/src/components/logsampleform/Forms.jsx","all":false,"statementMap":{"0":{"start":{"line":1,"column":0},"end":{"line":1,"column":83}},"1":{"start":{"line":2,"column":0},"end":{"line":2,"column":54}},"2":{"start":{"line":3,"column":0},"end":{"line":3,"column":0}},"3":{"start":{"line":4,"column":0},"end":{"line":4,"column":21}},"4":{"start":{"line":5,"column":0},"end":{"line":5,"column":57}},"5":{"start":{"line":6,"column":0},"end":{"line":6,"column":59}},"6":{"start":{"line":7,"column":0},"end":{"line":7,"column":67}},"7":{"start":{"line":8,"column":0},"end":{"line":8,"column":69}},"8":{"start":{"line":9,"column":0},"end":{"line":9,"column":49}},"9":{"start":{"line":10,"column":0},"end":{"line":10,"column":29}},"10":{"start":{"line":11,"column":0},"end":{"line":11,"column":4}},"11":{"start":{"line":12,"column":0},"end":{"line":12,"column":10}},"12":{"start":{"line":13,"column":0},"end":{"line":13,"column":18}},"13":{"start":{"line":14,"column":0},"end":{"line":14,"column":19}},"14":{"start":{"line":15,"column":0},"end":{"line":15,"column":19}},"15":{"start":{"line":16,"column":0},"end":{"line":16,"column":19}},"16":{"start":{"line":17,"column":0},"end":{"line":17,"column":24}},"17":{"start":{"line":18,"column":0},"end":{"line":18,"column":88}},"18":{"start":{"line":19,"column":0},"end":{"line":19,"column":9}},"19":{"start":{"line":20,"column":0},"end":{"line":20,"column":23}},"20":{"start":{"line":21,"column":0},"end":{"line":21,"column":21}},"21":{"start":{"line":22,"column":0},"end":{"line":22,"column":30}},"22":{"start":{"line":23,"column":0},"end":{"line":23,"column":37}},"23":{"start":{"line":24,"column":0},"end":{"line":24,"column":26}},"24":{"start":{"line":25,"column":0},"end":{"line":25,"column":77}},"25":{"start":{"line":26,"column":0},"end":{"line":26,"column":12}},"26":{"start":{"line":27,"column":0},"end":{"line":27,"column":21}},"27":{"start":{"line":28,"column":0},"end":{"line":28,"column":20}},"28":{"start":{"line":29,"column":0},"end":{"line":29,"column":19}},"29":{"start":{"line":30,"column":0},"end":{"line":30,"column":115}},"30":{"start":{"line":31,"column":0},"end":{"line":31,"column":23}},"31":{"start":{"line":32,"column":0},"end":{"line":32,"column":21}},"32":{"start":{"line":33,"column":0},"end":{"line":33,"column":32}},"33":{"start":{"line":34,"column":0},"end":{"line":34,"column":38}},"34":{"start":{"line":35,"column":0},"end":{"line":35,"column":27}},"35":{"start":{"line":36,"column":0},"end":{"line":36,"column":78}},"36":{"start":{"line":37,"column":0},"end":{"line":37,"column":12}},"37":{"start":{"line":38,"column":0},"end":{"line":38,"column":21}},"38":{"start":{"line":39,"column":0},"end":{"line":39,"column":20}},"39":{"start":{"line":40,"column":0},"end":{"line":40,"column":19}},"40":{"start":{"line":41,"column":0},"end":{"line":41,"column":19}},"41":{"start":{"line":42,"column":0},"end":{"line":42,"column":19}},"42":{"start":{"line":43,"column":0},"end":{"line":43,"column":29}},"43":{"start":{"line":44,"column":0},"end":{"line":44,"column":109}},"44":{"start":{"line":45,"column":0},"end":{"line":45,"column":9}},"45":{"start":{"line":46,"column":0},"end":{"line":46,"column":23}},"46":{"start":{"line":47,"column":0},"end":{"line":47,"column":21}},"47":{"start":{"line":48,"column":0},"end":{"line":48,"column":35}},"48":{"start":{"line":49,"column":0},"end":{"line":49,"column":42}},"49":{"start":{"line":50,"column":0},"end":{"line":50,"column":31}},"50":{"start":{"line":51,"column":0},"end":{"line":51,"column":82}},"51":{"start":{"line":52,"column":0},"end":{"line":52,"column":12}},"52":{"start":{"line":53,"column":0},"end":{"line":53,"column":21}},"53":{"start":{"line":54,"column":0},"end":{"line":54,"column":20}},"54":{"start":{"line":55,"column":0},"end":{"line":55,"column":19}},"55":{"start":{"line":56,"column":0},"end":{"line":56,"column":4}},"56":{"start":{"line":57,"column":0},"end":{"line":57,"column":2}},"57":{"start":{"line":58,"column":0},"end":{"line":58,"column":0}},"58":{"start":{"line":59,"column":0},"end":{"line":59,"column":21}}},"s":{"0":1,"1":1,"2":1,"3":1,"4":17,"5":17,"6":17,"7":17,"8":17,"9":3,"10":3,"11":17,"12":17,"13":17,"14":17,"15":17,"16":17,"17":17,"18":17,"19":17,"20":17,"21":17,"22":17,"23":17,"24":17,"25":17,"26":17,"27":17,"28":17,"29":17,"30":17,"31":17,"32":17,"33":17,"34":17,"35":17,"36":17,"37":17,"38":17,"39":17,"40":17,"41":17,"42":17,"43":17,"44":17,"45":17,"46":17,"47":17,"48":17,"49":17,"50":17,"51":17,"52":17,"53":17,"54":17,"55":17,"56":17,"57":1,"58":1},"branchMap":{"0":{"type":"branch","line":4,"loc":{"start":{"line":4,"column":14},"end":{"line":57,"column":2}},"locations":[{"start":{"line":4,"column":14},"end":{"line":57,"column":2}}]},"1":{"type":"branch","line":5,"loc":{"start":{"line":5,"column":32},"end":{"line":5,"column":55}},"locations":[{"start":{"line":5,"column":32},"end":{"line":5,"column":55}}]},"2":{"type":"branch","line":6,"loc":{"start":{"line":6,"column":33},"end":{"line":6,"column":57}},"locations":[{"start":{"line":6,"column":33},"end":{"line":6,"column":57}}]},"3":{"type":"branch","line":7,"loc":{"start":{"line":7,"column":37},"end":{"line":7,"column":65}},"locations":[{"start":{"line":7,"column":37},"end":{"line":7,"column":65}}]},"4":{"type":"branch","line":8,"loc":{"start":{"line":8,"column":38},"end":{"line":8,"column":67}},"locations":[{"start":{"line":8,"column":38},"end":{"line":8,"column":67}}]},"5":{"type":"branch","line":9,"loc":{"start":{"line":9,"column":32},"end":{"line":11,"column":4}},"locations":[{"start":{"line":9,"column":32},"end":{"line":11,"column":4}}]},"6":{"type":"branch","line":25,"loc":{"start":{"line":25,"column":22},"end":{"line":25,"column":77}},"locations":[{"start":{"line":25,"column":22},"end":{"line":25,"column":77}}]},"7":{"type":"branch","line":36,"loc":{"start":{"line":36,"column":22},"end":{"line":36,"column":78}},"locations":[{"start":{"line":36,"column":22},"end":{"line":36,"column":78}}]},"8":{"type":"branch","line":51,"loc":{"start":{"line":51,"column":22},"end":{"line":51,"column":82}},"locations":[{"start":{"line":51,"column":22},"end":{"line":51,"column":82}}]}},"b":{"0":[17],"1":[28],"2":[28],"3":[28],"4":[28],"5":[3],"6":[1],"7":[1],"8":[1]},"fnMap":{"0":{"name":"Forms","decl":{"start":{"line":4,"column":14},"end":{"line":57,"column":2}},"loc":{"start":{"line":4,"column":14},"end":{"line":57,"column":2}},"line":4},"1":{"name":"handleFormStateChange","decl":{"start":{"line":9,"column":32},"end":{"line":11,"column":4}},"loc":{"start":{"line":9,"column":32},"end":{"line":11,"column":4}},"line":9},"2":{"name":"onChange","decl":{"start":{"line":25,"column":22},"end":{"line":25,"column":77}},"loc":{"start":{"line":25,"column":22},"end":{"line":25,"column":77}},"line":25},"3":{"name":"onChange","decl":{"start":{"line":36,"column":22},"end":{"line":36,"column":78}},"loc":{"start":{"line":36,"column":22},"end":{"line":36,"column":78}},"line":36},"4":{"name":"onChange","decl":{"start":{"line":51,"column":22},"end":{"line":51,"column":82}},"loc":{"start":{"line":51,"column":22},"end":{"line":51,"column":82}},"line":51}},"f":{"0":17,"1":3,"2":1,"3":1,"4":1}}
,"/home/marius/projects/elastic-playground/src/components/logsampleform/LogSampleForm.jsx": {"path":"/home/marius/projects/elastic-playground/src/components/logsampleform/LogSampleForm.jsx","all":false,"statementMap":{"0":{"start":{"line":1,"column":0},"end":{"line":1,"column":78}},"1":{"start":{"line":2,"column":0},"end":{"line":2,"column":80}},"2":{"start":{"line":3,"column":0},"end":{"line":3,"column":78}},"3":{"start":{"line":4,"column":0},"end":{"line":4,"column":80}},"4":{"start":{"line":5,"column":0},"end":{"line":5,"column":0}},"5":{"start":{"line":6,"column":0},"end":{"line":6,"column":28}},"6":{"start":{"line":7,"column":0},"end":{"line":7,"column":32}},"7":{"start":{"line":8,"column":0},"end":{"line":8,"column":32}},"8":{"start":{"line":9,"column":0},"end":{"line":9,"column":0}},"9":{"start":{"line":10,"column":0},"end":{"line":10,"column":26}},"10":{"start":{"line":11,"column":0},"end":{"line":11,"column":16}},"11":{"start":{"line":12,"column":0},"end":{"line":12,"column":18}},"12":{"start":{"line":13,"column":0},"end":{"line":13,"column":3}},"13":{"start":{"line":14,"column":0},"end":{"line":14,"column":0}},"14":{"start":{"line":15,"column":0},"end":{"line":15,"column":29}},"15":{"start":{"line":16,"column":0},"end":{"line":16,"column":10}},"16":{"start":{"line":17,"column":0},"end":{"line":17,"column":14}},"17":{"start":{"line":18,"column":0},"end":{"line":18,"column":20}},"18":{"start":{"line":19,"column":0},"end":{"line":19,"column":34}},"19":{"start":{"line":20,"column":0},"end":{"line":20,"column":21}},"20":{"start":{"line":21,"column":0},"end":{"line":21,"column":22}},"21":{"start":{"line":22,"column":0},"end":{"line":22,"column":18}},"22":{"start":{"line":23,"column":0},"end":{"line":23,"column":23}},"23":{"start":{"line":24,"column":0},"end":{"line":24,"column":21}},"24":{"start":{"line":25,"column":0},"end":{"line":25,"column":34}},"25":{"start":{"line":26,"column":0},"end":{"line":26,"column":23}},"26":{"start":{"line":27,"column":0},"end":{"line":27,"column":24}},"27":{"start":{"line":28,"column":0},"end":{"line":28,"column":19}},"28":{"start":{"line":29,"column":0},"end":{"line":29,"column":21}},"29":{"start":{"line":30,"column":0},"end":{"line":30,"column":15}},"30":{"start":{"line":31,"column":0},"end":{"line":31,"column":4}},"31":{"start":{"line":32,"column":0},"end":{"line":32,"column":2}},"32":{"start":{"line":33,"column":0},"end":{"line":33,"column":0}},"33":{"start":{"line":34,"column":0},"end":{"line":34,"column":29}}},"s":{"0":1,"1":1,"2":1,"3":1,"4":1,"5":1,"6":1,"7":1,"8":1,"9":1,"10":1,"11":1,"12":1,"13":1,"14":1,"15":8,"16":8,"17":8,"18":8,"19":8,"20":8,"21":8,"22":8,"23":8,"24":8,"25":8,"26":8,"27":8,"28":8,"29":8,"30":8,"31":8,"32":1,"33":1},"branchMap":{"0":{"type":"branch","line":15,"loc":{"start":{"line":15,"column":22},"end":{"line":32,"column":2}},"locations":[{"start":{"line":15,"column":22},"end":{"line":32,"column":2}}]}},"b":{"0":[8]},"fnMap":{"0":{"name":"LogSampleForm","decl":{"start":{"line":15,"column":22},"end":{"line":32,"column":2}},"loc":{"start":{"line":15,"column":22},"end":{"line":32,"column":2}},"line":15}},"f":{"0":8}}
,"/home/marius/projects/elastic-playground/src/components/logsampleform/Samples.jsx": {"path":"/home/marius/projects/elastic-playground/src/components/logsampleform/Samples.jsx","all":false,"statementMap":{"0":{"start":{"line":1,"column":0},"end":{"line":1,"column":83}},"1":{"start":{"line":2,"column":0},"end":{"line":2,"column":34}},"2":{"start":{"line":3,"column":0},"end":{"line":3,"column":54}},"3":{"start":{"line":4,"column":0},"end":{"line":4,"column":49}},"4":{"start":{"line":5,"column":0},"end":{"line":5,"column":41}},"5":{"start":{"line":6,"column":0},"end":{"line":6,"column":0}},"6":{"start":{"line":7,"column":0},"end":{"line":7,"column":23}},"7":{"start":{"line":8,"column":0},"end":{"line":8,"column":62}},"8":{"start":{"line":9,"column":0},"end":{"line":9,"column":63}},"9":{"start":{"line":10,"column":0},"end":{"line":10,"column":0}},"10":{"start":{"line":11,"column":0},"end":{"line":11,"column":19}},"11":{"start":{"line":12,"column":0},"end":{"line":12,"column":68}},"12":{"start":{"line":13,"column":0},"end":{"line":13,"column":49}},"13":{"start":{"line":14,"column":0},"end":{"line":14,"column":13}},"14":{"start":{"line":15,"column":0},"end":{"line":15,"column":5}},"15":{"start":{"line":16,"column":0},"end":{"line":16,"column":42}},"16":{"start":{"line":17,"column":0},"end":{"line":17,"column":9}},"17":{"start":{"line":18,"column":0},"end":{"line":18,"column":24}},"18":{"start":{"line":19,"column":0},"end":{"line":19,"column":21}},"19":{"start":{"line":20,"column":0},"end":{"line":20,"column":25}},"20":{"start":{"line":21,"column":0},"end":{"line":21,"column":13}},"21":{"start":{"line":22,"column":0},"end":{"line":22,"column":5}},"22":{"start":{"line":23,"column":0},"end":{"line":23,"column":38}},"23":{"start":{"line":24,"column":0},"end":{"line":24,"column":37}},"24":{"start":{"line":25,"column":0},"end":{"line":25,"column":12}},"25":{"start":{"line":26,"column":0},"end":{"line":26,"column":39}},"26":{"start":{"line":27,"column":0},"end":{"line":27,"column":19}},"27":{"start":{"line":28,"column":0},"end":{"line":28,"column":0}},"28":{"start":{"line":29,"column":0},"end":{"line":29,"column":51}},"29":{"start":{"line":30,"column":0},"end":{"line":30,"column":28}},"30":{"start":{"line":31,"column":0},"end":{"line":31,"column":4}},"31":{"start":{"line":32,"column":0},"end":{"line":32,"column":10}},"32":{"start":{"line":33,"column":0},"end":{"line":33,"column":37}},"33":{"start":{"line":34,"column":0},"end":{"line":34,"column":43}},"34":{"start":{"line":35,"column":0},"end":{"line":35,"column":33}},"35":{"start":{"line":36,"column":0},"end":{"line":36,"column":105}},"36":{"start":{"line":37,"column":0},"end":{"line":37,"column":25}},"37":{"start":{"line":38,"column":0},"end":{"line":38,"column":45}},"38":{"start":{"line":39,"column":0},"end":{"line":39,"column":23}},"39":{"start":{"line":40,"column":0},"end":{"line":40,"column":1692}},"40":{"start":{"line":41,"column":0},"end":{"line":41,"column":28}},"41":{"start":{"line":42,"column":0},"end":{"line":42,"column":76}},"42":{"start":{"line":43,"column":0},"end":{"line":43,"column":14}},"43":{"start":{"line":44,"column":0},"end":{"line":44,"column":23}},"44":{"start":{"line":45,"column":0},"end":{"line":45,"column":22}},"45":{"start":{"line":46,"column":0},"end":{"line":46,"column":9}},"46":{"start":{"line":47,"column":0},"end":{"line":47,"column":19}},"47":{"start":{"line":48,"column":0},"end":{"line":48,"column":4}},"48":{"start":{"line":49,"column":0},"end":{"line":49,"column":2}},"49":{"start":{"line":50,"column":0},"end":{"line":50,"column":0}},"50":{"start":{"line":51,"column":0},"end":{"line":51,"column":23}}},"s":{"0":1,"1":1,"2":1,"3":1,"4":1,"5":1,"6":1,"7":19,"8":19,"9":19,"10":19,"11":19,"12":19,"13":2,"14":2,"15":17,"16":17,"17":17,"18":19,"19":11,"20":11,"21":11,"22":6,"23":5,"24":6,"25":6,"26":19,"27":19,"28":19,"29":2,"30":2,"31":19,"32":19,"33":19,"34":19,"35":19,"36":19,"37":19,"38":19,"39":19,"40":19,"41":19,"42":19,"43":19,"44":19,"45":19,"46":19,"47":19,"48":19,"49":1,"50":1},"branchMap":{"0":{"type":"branch","line":7,"loc":{"start":{"line":7,"column":16},"end":{"line":49,"column":2}},"locations":[{"start":{"line":7,"column":16},"end":{"line":49,"column":2}}]},"1":{"type":"branch","line":8,"loc":{"start":{"line":8,"column":36},"end":{"line":8,"column":60}},"locations":[{"start":{"line":8,"column":36},"end":{"line":8,"column":60}}]},"2":{"type":"branch","line":9,"loc":{"start":{"line":9,"column":35},"end":{"line":9,"column":61}},"locations":[{"start":{"line":9,"column":35},"end":{"line":9,"column":61}}]},"3":{"type":"branch","line":11,"loc":{"start":{"line":11,"column":12},"end":{"line":27,"column":5}},"locations":[{"start":{"line":11,"column":12},"end":{"line":27,"column":5}}]},"4":{"type":"branch","line":13,"loc":{"start":{"line":13,"column":48},"end":{"line":15,"column":5}},"locations":[{"start":{"line":13,"column":48},"end":{"line":15,"column":5}}]},"5":{"type":"branch","line":15,"loc":{"start":{"line":15,"column":4},"end":{"line":19,"column":6}},"locations":[{"start":{"line":15,"column":4},"end":{"line":19,"column":6}}]},"6":{"type":"branch","line":19,"loc":{"start":{"line":19,"column":4},"end":{"line":22,"column":5}},"locations":[{"start":{"line":19,"column":4},"end":{"line":22,"column":5}}]},"7":{"type":"branch","line":22,"loc":{"start":{"line":22,"column":4},"end":{"line":26,"column":39}},"locations":[{"start":{"line":22,"column":4},"end":{"line":26,"column":39}}]},"8":{"type":"branch","line":23,"loc":{"start":{"line":23,"column":31},"end":{"line":25,"column":7}},"locations":[{"start":{"line":23,"column":31},"end":{"line":25,"column":7}}]},"9":{"type":"branch","line":26,"loc":{"start":{"line":26,"column":11},"end":{"line":26,"column":39}},"locations":[{"start":{"line":26,"column":11},"end":{"line":26,"column":39}}]},"10":{"type":"branch","line":29,"loc":{"start":{"line":29,"column":32},"end":{"line":31,"column":4}},"locations":[{"start":{"line":29,"column":32},"end":{"line":31,"column":4}}]},"11":{"type":"branch","line":34,"loc":{"start":{"line":34,"column":23},"end":{"line":45,"column":22}},"locations":[{"start":{"line":34,"column":23},"end":{"line":45,"column":22}}]},"12":{"type":"branch","line":42,"loc":{"start":{"line":42,"column":24},"end":{"line":42,"column":76}},"locations":[{"start":{"line":42,"column":24},"end":{"line":42,"column":76}}]}},"b":{"0":[19],"1":[33],"2":[30],"3":[19],"4":[2],"5":[17],"6":[11],"7":[6],"8":[5],"9":[6],"10":[2],"11":[19],"12":[2]},"fnMap":{"0":{"name":"Samples","decl":{"start":{"line":7,"column":16},"end":{"line":49,"column":2}},"loc":{"start":{"line":7,"column":16},"end":{"line":49,"column":2}},"line":7},"1":{"name":"handleLogSampleChange","decl":{"start":{"line":29,"column":32},"end":{"line":31,"column":4}},"loc":{"start":{"line":29,"column":32},"end":{"line":31,"column":4}},"line":29},"2":{"name":"onChange","decl":{"start":{"line":42,"column":24},"end":{"line":42,"column":76}},"loc":{"start":{"line":42,"column":24},"end":{"line":42,"column":76}},"line":42}},"f":{"0":19,"1":2,"2":2}}
}
